<?xml version="1.0" encoding="UTF-8"?>
<testsuite name="com.springV01.web.DataSourceTest" tests="1" skipped="0" failures="0" errors="0" timestamp="2017-09-03T14:31:13" hostname="jo" time="0.149">
  <properties/>
  <testcase name="testConnection" classname="com.springV01.web.DataSourceTest" time="0.149"/>
  <system-out><![CDATA[23:31:10.068 [Test worker] DEBUG org.springframework.test.context.junit4.SpringJUnit4ClassRunner - SpringJUnit4ClassRunner constructor called with [class com.springV01.web.DataSourceTest]
23:31:10.088 [Test worker] DEBUG org.springframework.test.context.BootstrapUtils - Instantiating CacheAwareContextLoaderDelegate from class [org.springframework.test.context.cache.DefaultCacheAwareContextLoaderDelegate]
23:31:10.139 [Test worker] DEBUG org.springframework.test.context.BootstrapUtils - Instantiating BootstrapContext using constructor [public org.springframework.test.context.support.DefaultBootstrapContext(java.lang.Class,org.springframework.test.context.CacheAwareContextLoaderDelegate)]
23:31:10.165 [Test worker] DEBUG org.springframework.test.context.BootstrapUtils - Instantiating TestContextBootstrapper for test class [com.springV01.web.DataSourceTest] from class [org.springframework.test.context.support.DefaultTestContextBootstrapper]
23:31:10.229 [Test worker] DEBUG org.springframework.test.context.support.AbstractDelegatingSmartContextLoader - Delegating to GenericXmlContextLoader to process context configuration [ContextConfigurationAttributes@6e6f4073 declaringClass = 'com.springV01.web.DataSourceTest', classes = '{}', locations = '{classpath:com/framework/spring/*-context.xml}', inheritLocations = true, initializers = '{}', inheritInitializers = true, name = [null], contextLoaderClass = 'org.springframework.test.context.ContextLoader'].
23:31:10.278 [Test worker] DEBUG org.springframework.test.context.support.ActiveProfilesUtils - Could not find an 'annotation declaring class' for annotation type [org.springframework.test.context.ActiveProfiles] and class [com.springV01.web.DataSourceTest]
23:31:10.279 [Test worker] DEBUG org.springframework.test.context.support.DefaultTestContextBootstrapper - @TestExecutionListeners is not present for class [com.springV01.web.DataSourceTest]: using defaults.
23:31:10.280 [Test worker] INFO org.springframework.test.context.support.DefaultTestContextBootstrapper - Loaded default TestExecutionListener class names from location [META-INF/spring.factories]: [org.springframework.test.context.web.ServletTestExecutionListener, org.springframework.test.context.support.DirtiesContextBeforeModesTestExecutionListener, org.springframework.test.context.support.DependencyInjectionTestExecutionListener, org.springframework.test.context.support.DirtiesContextTestExecutionListener, org.springframework.test.context.transaction.TransactionalTestExecutionListener, org.springframework.test.context.jdbc.SqlScriptsTestExecutionListener]
23:31:10.328 [Test worker] INFO org.springframework.test.context.support.DefaultTestContextBootstrapper - Using TestExecutionListeners: [org.springframework.test.context.web.ServletTestExecutionListener@44be2f40, org.springframework.test.context.support.DirtiesContextBeforeModesTestExecutionListener@5ade383b, org.springframework.test.context.support.DependencyInjectionTestExecutionListener@351e8c75, org.springframework.test.context.support.DirtiesContextTestExecutionListener@57fa63cf, org.springframework.test.context.transaction.TransactionalTestExecutionListener@628b925f, org.springframework.test.context.jdbc.SqlScriptsTestExecutionListener@493f61d5]
23:31:10.331 [Test worker] DEBUG org.springframework.test.annotation.ProfileValueUtils - Retrieved @ProfileValueSourceConfiguration [null] for test class [com.springV01.web.DataSourceTest]
23:31:10.332 [Test worker] DEBUG org.springframework.test.annotation.ProfileValueUtils - Retrieved ProfileValueSource type [class org.springframework.test.annotation.SystemProfileValueSource] for class [com.springV01.web.DataSourceTest]
23:31:10.333 [Test worker] DEBUG org.springframework.test.annotation.ProfileValueUtils - Retrieved @ProfileValueSourceConfiguration [null] for test class [com.springV01.web.DataSourceTest]
23:31:10.333 [Test worker] DEBUG org.springframework.test.annotation.ProfileValueUtils - Retrieved ProfileValueSource type [class org.springframework.test.annotation.SystemProfileValueSource] for class [com.springV01.web.DataSourceTest]
23:31:10.336 [Test worker] DEBUG org.springframework.test.context.support.AbstractDirtiesContextTestExecutionListener - Before test class: context [DefaultTestContext@8ab9ee0 testClass = DataSourceTest, testInstance = [null], testMethod = [null], testException = [null], mergedContextConfiguration = [MergedContextConfiguration@4c0e2605 testClass = DataSourceTest, locations = '{classpath:com/framework/spring/*-context.xml}', classes = '{}', contextInitializerClasses = '[]', activeProfiles = '{}', propertySourceLocations = '{}', propertySourceProperties = '{}', contextCustomizers = set[[empty]], contextLoader = 'org.springframework.test.context.support.DelegatingSmartContextLoader', parent = [null]]], class annotated with @DirtiesContext [false] with mode [null].
23:31:10.337 [Test worker] DEBUG org.springframework.test.annotation.ProfileValueUtils - Retrieved @ProfileValueSourceConfiguration [null] for test class [com.springV01.web.DataSourceTest]
23:31:10.338 [Test worker] DEBUG org.springframework.test.annotation.ProfileValueUtils - Retrieved ProfileValueSource type [class org.springframework.test.annotation.SystemProfileValueSource] for class [com.springV01.web.DataSourceTest]
23:31:10.340 [Test worker] DEBUG org.springframework.test.context.support.DependencyInjectionTestExecutionListener - Performing dependency injection for test context [[DefaultTestContext@8ab9ee0 testClass = DataSourceTest, testInstance = com.springV01.web.DataSourceTest@26288c0c, testMethod = [null], testException = [null], mergedContextConfiguration = [MergedContextConfiguration@4c0e2605 testClass = DataSourceTest, locations = '{classpath:com/framework/spring/*-context.xml}', classes = '{}', contextInitializerClasses = '[]', activeProfiles = '{}', propertySourceLocations = '{}', propertySourceProperties = '{}', contextCustomizers = set[[empty]], contextLoader = 'org.springframework.test.context.support.DelegatingSmartContextLoader', parent = [null]]]].
23:31:10.341 [Test worker] DEBUG org.springframework.test.context.support.AbstractDelegatingSmartContextLoader - Delegating to GenericXmlContextLoader to load context from [MergedContextConfiguration@4c0e2605 testClass = DataSourceTest, locations = '{classpath:com/framework/spring/*-context.xml}', classes = '{}', contextInitializerClasses = '[]', activeProfiles = '{}', propertySourceLocations = '{}', propertySourceProperties = '{}', contextCustomizers = set[[empty]], contextLoader = 'org.springframework.test.context.support.DelegatingSmartContextLoader', parent = [null]].
23:31:10.342 [Test worker] DEBUG org.springframework.test.context.support.AbstractGenericContextLoader - Loading ApplicationContext for merged context configuration [[MergedContextConfiguration@4c0e2605 testClass = DataSourceTest, locations = '{classpath:com/framework/spring/*-context.xml}', classes = '{}', contextInitializerClasses = '[]', activeProfiles = '{}', propertySourceLocations = '{}', propertySourceProperties = '{}', contextCustomizers = set[[empty]], contextLoader = 'org.springframework.test.context.support.DelegatingSmartContextLoader', parent = [null]]].
23:31:10.423 [Test worker] DEBUG org.springframework.core.env.StandardEnvironment - Adding [systemProperties] PropertySource with lowest search precedence
23:31:10.424 [Test worker] DEBUG org.springframework.core.env.StandardEnvironment - Adding [systemEnvironment] PropertySource with lowest search precedence
23:31:10.424 [Test worker] DEBUG org.springframework.core.env.StandardEnvironment - Initialized StandardEnvironment with PropertySources [systemProperties,systemEnvironment]
23:31:10.433 [Test worker] DEBUG org.springframework.core.io.support.PathMatchingResourcePatternResolver - Looking for matching resources in directory tree [/home/nick/IdeaProjects/2017_Spring_v01/build/resources/main/com/framework/spring]
23:31:10.434 [Test worker] DEBUG org.springframework.core.io.support.PathMatchingResourcePatternResolver - Searching directory [/home/nick/IdeaProjects/2017_Spring_v01/build/resources/main/com/framework/spring] for files matching pattern [/home/nick/IdeaProjects/2017_Spring_v01/build/resources/main/com/framework/spring/*-context.xml]
23:31:10.441 [Test worker] DEBUG org.springframework.core.io.support.PathMatchingResourcePatternResolver - Resolved location pattern [classpath:com/framework/spring/*-context.xml] to resources [file [/home/nick/IdeaProjects/2017_Spring_v01/build/resources/main/com/framework/spring/common-context.xml], file [/home/nick/IdeaProjects/2017_Spring_v01/build/resources/main/com/framework/spring/datasource-context.xml], file [/home/nick/IdeaProjects/2017_Spring_v01/build/resources/main/com/framework/spring/mapper-context.xml]]
23:31:10.443 [Test worker] INFO org.springframework.beans.factory.xml.XmlBeanDefinitionReader - Loading XML bean definitions from file [/home/nick/IdeaProjects/2017_Spring_v01/build/resources/main/com/framework/spring/common-context.xml]
23:31:10.568 [Test worker] DEBUG org.springframework.beans.factory.xml.DefaultDocumentLoader - Using JAXP provider [com.sun.org.apache.xerces.internal.jaxp.DocumentBuilderFactoryImpl]
23:31:10.728 [Test worker] DEBUG org.springframework.beans.factory.xml.PluggableSchemaResolver - Loading schema mappings from [META-INF/spring.schemas]
23:31:10.769 [Test worker] DEBUG org.springframework.beans.factory.xml.PluggableSchemaResolver - Loaded schema mappings: {http://www.springframework.org/schema/tx/spring-tx-4.3.xsd=org/springframework/transaction/config/spring-tx-4.3.xsd, http://www.springframework.org/schema/tx/spring-tx-2.5.xsd=org/springframework/transaction/config/spring-tx-2.5.xsd, http://www.springframework.org/schema/cache/spring-cache-4.2.xsd=org/springframework/cache/config/spring-cache-4.2.xsd, http://www.springframework.org/schema/aop/spring-aop-4.1.xsd=org/springframework/aop/config/spring-aop-4.1.xsd, http://www.springframework.org/schema/context/spring-context-3.1.xsd=org/springframework/context/config/spring-context-3.1.xsd, http://www.springframework.org/schema/jdbc/spring-jdbc-4.1.xsd=org/springframework/jdbc/config/spring-jdbc-4.1.xsd, http://www.springframework.org/schema/mvc/spring-mvc-4.1.xsd=org/springframework/web/servlet/config/spring-mvc-4.1.xsd, http://www.springframework.org/schema/util/spring-util-3.0.xsd=org/springframework/beans/factory/xml/spring-util-3.0.xsd, http://www.springframework.org/schema/security/spring-security-3.0.3.xsd=org/springframework/security/config/spring-security-3.0.3.xsd, http://mybatis.org/schema/mybatis-spring-1.2.xsd=org/mybatis/spring/config/mybatis-spring-1.2.xsd, http://www.springframework.org/schema/security/spring-security-2.0.1.xsd=org/springframework/security/config/spring-security-2.0.1.xsd, http://www.springframework.org/schema/aop/spring-aop-3.2.xsd=org/springframework/aop/config/spring-aop-3.2.xsd, http://www.springframework.org/schema/tool/spring-tool.xsd=org/springframework/beans/factory/xml/spring-tool-4.3.xsd, http://www.springframework.org/schema/lang/spring-lang-4.1.xsd=org/springframework/scripting/config/spring-lang-4.1.xsd, http://www.springframework.org/schema/context/spring-context-4.0.xsd=org/springframework/context/config/spring-context-4.0.xsd, http://www.springframework.org/schema/mvc/spring-mvc-3.2.xsd=org/springframework/web/servlet/config/spring-mvc-3.2.xsd, http://www.springframework.org/schema/beans/spring-beans-4.2.xsd=org/springframework/beans/factory/xml/spring-beans-4.2.xsd, http://www.springframework.org/schema/tool/spring-tool-4.1.xsd=org/springframework/beans/factory/xml/spring-tool-4.1.xsd, http://www.springframework.org/schema/lang/spring-lang-3.2.xsd=org/springframework/scripting/config/spring-lang-3.2.xsd, http://www.springframework.org/schema/cache/spring-cache-3.2.xsd=org/springframework/cache/config/spring-cache-3.2.xsd, http://www.springframework.org/schema/jee/spring-jee-4.1.xsd=org/springframework/ejb/config/spring-jee-4.1.xsd, http://www.springframework.org/schema/jdbc/spring-jdbc-3.1.xsd=org/springframework/jdbc/config/spring-jdbc-3.1.xsd, http://www.springframework.org/schema/util/spring-util-2.0.xsd=org/springframework/beans/factory/xml/spring-util-2.0.xsd, http://www.springframework.org/schema/task/spring-task-4.2.xsd=org/springframework/scheduling/config/spring-task-4.2.xsd, http://www.springframework.org/schema/tool/spring-tool-3.2.xsd=org/springframework/beans/factory/xml/spring-tool-3.2.xsd, http://www.springframework.org/schema/context/spring-context.xsd=org/springframework/context/config/spring-context-4.3.xsd, http://www.springframework.org/schema/tx/spring-tx-4.2.xsd=org/springframework/transaction/config/spring-tx-4.2.xsd, http://www.springframework.org/schema/cache/spring-cache-4.1.xsd=org/springframework/cache/config/spring-cache-4.1.xsd, http://www.springframework.org/schema/aop/spring-aop-4.0.xsd=org/springframework/aop/config/spring-aop-4.0.xsd, http://www.springframework.org/schema/security/spring-security-2.0.xsd=org/springframework/security/config/spring-security-2.0.xsd, http://www.springframework.org/schema/jee/spring-jee-3.2.xsd=org/springframework/ejb/config/spring-jee-3.2.xsd, http://www.springframework.org/schema/context/spring-context-3.0.xsd=org/springframework/context/config/spring-context-3.0.xsd, http://www.springframework.org/schema/jdbc/spring-jdbc-4.0.xsd=org/springframework/jdbc/config/spring-jdbc-4.0.xsd, http://www.springframework.org/schema/mvc/spring-mvc-4.0.xsd=org/springframework/web/servlet/config/spring-mvc-4.0.xsd, http://www.springframework.org/schema/util/spring-util-4.3.xsd=org/springframework/beans/factory/xml/spring-util-4.3.xsd, http://www.springframework.org/schema/util/spring-util-2.5.xsd=org/springframework/beans/factory/xml/spring-util-2.5.xsd, http://www.springframework.org/schema/beans/spring-beans-3.2.xsd=org/springframework/beans/factory/xml/spring-beans-3.2.xsd, http://www.springframework.org/schema/aop/spring-aop-3.1.xsd=org/springframework/aop/config/spring-aop-3.1.xsd, http://www.springframework.org/schema/lang/spring-lang-4.0.xsd=org/springframework/scripting/config/spring-lang-4.0.xsd, http://www.springframework.org/schema/mvc/spring-mvc.xsd=org/springframework/web/servlet/config/spring-mvc-4.3.xsd, http://www.springframework.org/schema/mvc/spring-mvc-3.1.xsd=org/springframework/web/servlet/config/spring-mvc-3.1.xsd, http://www.springframework.org/schema/beans/spring-beans-4.1.xsd=org/springframework/beans/factory/xml/spring-beans-4.1.xsd, http://www.springframework.org/schema/tool/spring-tool-4.0.xsd=org/springframework/beans/factory/xml/spring-tool-4.0.xsd, http://www.springframework.org/schema/tx/spring-tx-3.2.xsd=org/springframework/transaction/config/spring-tx-3.2.xsd, http://www.springframework.org/schema/lang/spring-lang-3.1.xsd=org/springframework/scripting/config/spring-lang-3.1.xsd, http://www.springframework.org/schema/cache/spring-cache-3.1.xsd=org/springframework/cache/config/spring-cache-3.1.xsd, http://www.springframework.org/schema/jee/spring-jee-4.0.xsd=org/springframework/ejb/config/spring-jee-4.0.xsd, http://www.springframework.org/schema/jdbc/spring-jdbc-3.0.xsd=org/springframework/jdbc/config/spring-jdbc-3.0.xsd, http://www.springframework.org/schema/task/spring-task-4.1.xsd=org/springframework/scheduling/config/spring-task-4.1.xsd, http://www.springframework.org/schema/jdbc/spring-jdbc.xsd=org/springframework/jdbc/config/spring-jdbc-4.3.xsd, http://www.springframework.org/schema/tool/spring-tool-3.1.xsd=org/springframework/beans/factory/xml/spring-tool-3.1.xsd, http://www.springframework.org/schema/tx/spring-tx-4.1.xsd=org/springframework/transaction/config/spring-tx-4.1.xsd, http://www.springframework.org/schema/cache/spring-cache-4.0.xsd=org/springframework/cache/config/spring-cache-4.0.xsd, http://www.springframework.org/schema/jee/spring-jee-3.1.xsd=org/springframework/ejb/config/spring-jee-3.1.xsd, http://www.springframework.org/schema/util/spring-util-4.2.xsd=org/springframework/beans/factory/xml/spring-util-4.2.xsd, http://www.springframework.org/schema/task/spring-task-3.2.xsd=org/springframework/scheduling/config/spring-task-3.2.xsd, http://www.springframework.org/schema/beans/spring-beans-3.1.xsd=org/springframework/beans/factory/xml/spring-beans-3.1.xsd, http://www.springframework.org/schema/util/spring-util.xsd=org/springframework/beans/factory/xml/spring-util-4.3.xsd, http://www.springframework.org/schema/aop/spring-aop-3.0.xsd=org/springframework/aop/config/spring-aop-3.0.xsd, http://www.springframework.org/schema/security/spring-security-4.2.xsd=org/springframework/security/config/spring-security-4.2.xsd, http://www.springframework.org/schema/mvc/spring-mvc-3.0.xsd=org/springframework/web/servlet/config/spring-mvc-3.0.xsd, http://www.springframework.org/schema/beans/spring-beans-4.0.xsd=org/springframework/beans/factory/xml/spring-beans-4.0.xsd, http://www.springframework.org/schema/beans/spring-beans.xsd=org/springframework/beans/factory/xml/spring-beans-4.3.xsd, http://www.springframework.org/schema/security/spring-security-2.0.4.xsd=org/springframework/security/config/spring-security-2.0.4.xsd, http://www.springframework.org/schema/tx/spring-tx-3.1.xsd=org/springframework/transaction/config/spring-tx-3.1.xsd, http://mybatis.org/schema/mybatis-spring.xsd=org/mybatis/spring/config/mybatis-spring-1.2.xsd, http://www.springframework.org/schema/lang/spring-lang-3.0.xsd=org/springframework/scripting/config/spring-lang-3.0.xsd, http://www.springframework.org/schema/context/spring-context-2.5.xsd=org/springframework/context/config/spring-context-2.5.xsd, http://www.springframework.org/schema/context/spring-context-4.3.xsd=org/springframework/context/config/spring-context-4.3.xsd, http://www.springframework.org/schema/task/spring-task-4.0.xsd=org/springframework/scheduling/config/spring-task-4.0.xsd, http://www.springframework.org/schema/tool/spring-tool-3.0.xsd=org/springframework/beans/factory/xml/spring-tool-3.0.xsd, http://www.springframework.org/schema/tx/spring-tx-4.0.xsd=org/springframework/transaction/config/spring-tx-4.0.xsd, http://www.springframework.org/schema/aop/spring-aop-2.0.xsd=org/springframework/aop/config/spring-aop-2.0.xsd, http://www.springframework.org/schema/security/spring-security-3.2.xsd=org/springframework/security/config/spring-security-3.2.xsd, http://www.springframework.org/schema/jee/spring-jee-3.0.xsd=org/springframework/ejb/config/spring-jee-3.0.xsd, http://www.springframework.org/schema/util/spring-util-4.1.xsd=org/springframework/beans/factory/xml/spring-util-4.1.xsd, http://www.springframework.org/schema/task/spring-task-3.1.xsd=org/springframework/scheduling/config/spring-task-3.1.xsd, http://www.springframework.org/schema/beans/spring-beans-3.0.xsd=org/springframework/beans/factory/xml/spring-beans-3.0.xsd, http://www.springframework.org/schema/jee/spring-jee.xsd=org/springframework/ejb/config/spring-jee-4.3.xsd, http://www.springframework.org/schema/aop/spring-aop-4.3.xsd=org/springframework/aop/config/spring-aop-4.3.xsd, http://www.springframework.org/schema/aop/spring-aop-2.5.xsd=org/springframework/aop/config/spring-aop-2.5.xsd, http://www.springframework.org/schema/security/spring-security-4.1.xsd=org/springframework/security/config/spring-security-4.1.xsd, http://www.springframework.org/schema/lang/spring-lang-2.0.xsd=org/springframework/scripting/config/spring-lang-2.0.xsd, http://www.springframework.org/schema/jdbc/spring-jdbc-4.3.xsd=org/springframework/jdbc/config/spring-jdbc-4.3.xsd, http://www.springframework.org/schema/mvc/spring-mvc-4.3.xsd=org/springframework/web/servlet/config/spring-mvc-4.3.xsd, http://www.springframework.org/schema/util/spring-util-3.2.xsd=org/springframework/beans/factory/xml/spring-util-3.2.xsd, http://www.springframework.org/schema/task/spring-task.xsd=org/springframework/scheduling/config/spring-task-4.3.xsd, http://www.springframework.org/schema/tool/spring-tool-2.0.xsd=org/springframework/beans/factory/xml/spring-tool-2.0.xsd, http://www.springframework.org/schema/tx/spring-tx-3.0.xsd=org/springframework/transaction/config/spring-tx-3.0.xsd, http://www.springframework.org/schema/lang/spring-lang-2.5.xsd=org/springframework/scripting/config/spring-lang-2.5.xsd, http://www.springframework.org/schema/lang/spring-lang-4.3.xsd=org/springframework/scripting/config/spring-lang-4.3.xsd, http://www.springframework.org/schema/context/spring-context-4.2.xsd=org/springframework/context/config/spring-context-4.2.xsd, http://www.springframework.org/schema/jee/spring-jee-2.0.xsd=org/springframework/ejb/config/spring-jee-2.0.xsd, http://www.springframework.org/schema/tool/spring-tool-4.3.xsd=org/springframework/beans/factory/xml/spring-tool-4.3.xsd, http://www.springframework.org/schema/tool/spring-tool-2.5.xsd=org/springframework/beans/factory/xml/spring-tool-2.5.xsd, http://www.springframework.org/schema/security/spring-security-3.1.xsd=org/springframework/security/config/spring-security-3.1.xsd, http://www.springframework.org/schema/jee/spring-jee-4.3.xsd=org/springframework/ejb/config/spring-jee-4.3.xsd, http://www.springframework.org/schema/jee/spring-jee-2.5.xsd=org/springframework/ejb/config/spring-jee-2.5.xsd, http://www.springframework.org/schema/util/spring-util-4.0.xsd=org/springframework/beans/factory/xml/spring-util-4.0.xsd, http://www.springframework.org/schema/task/spring-task-3.0.xsd=org/springframework/scheduling/config/spring-task-3.0.xsd, http://www.springframework.org/schema/cache/spring-cache-4.3.xsd=org/springframework/cache/config/spring-cache-4.3.xsd, http://www.springframework.org/schema/aop/spring-aop-4.2.xsd=org/springframework/aop/config/spring-aop-4.2.xsd, http://www.springframework.org/schema/security/spring-security-4.0.xsd=org/springframework/security/config/spring-security-4.0.xsd, http://www.springframework.org/schema/lang/spring-lang.xsd=org/springframework/scripting/config/spring-lang-4.3.xsd, http://www.springframework.org/schema/context/spring-context-3.2.xsd=org/springframework/context/config/spring-context-3.2.xsd, http://www.springframework.org/schema/jdbc/spring-jdbc-4.2.xsd=org/springframework/jdbc/config/spring-jdbc-4.2.xsd, http://www.springframework.org/schema/mvc/spring-mvc-4.2.xsd=org/springframework/web/servlet/config/spring-mvc-4.2.xsd, http://www.springframework.org/schema/util/spring-util-3.1.xsd=org/springframework/beans/factory/xml/spring-util-3.1.xsd, http://www.springframework.org/schema/beans/spring-beans-2.0.xsd=org/springframework/beans/factory/xml/spring-beans-2.0.xsd, http://www.springframework.org/schema/cache/spring-cache.xsd=org/springframework/cache/config/spring-cache-4.3.xsd, http://www.springframework.org/schema/tx/spring-tx.xsd=org/springframework/transaction/config/spring-tx-4.3.xsd, http://www.springframework.org/schema/security/spring-security-2.0.2.xsd=org/springframework/security/config/spring-security-2.0.2.xsd, http://www.springframework.org/schema/lang/spring-lang-4.2.xsd=org/springframework/scripting/config/spring-lang-4.2.xsd, http://www.springframework.org/schema/context/spring-context-4.1.xsd=org/springframework/context/config/spring-context-4.1.xsd, http://www.springframework.org/schema/beans/spring-beans-2.5.xsd=org/springframework/beans/factory/xml/spring-beans-2.5.xsd, http://www.springframework.org/schema/beans/spring-beans-4.3.xsd=org/springframework/beans/factory/xml/spring-beans-4.3.xsd, http://www.springframework.org/schema/tool/spring-tool-4.2.xsd=org/springframework/beans/factory/xml/spring-tool-4.2.xsd, http://www.springframework.org/schema/tx/spring-tx-2.0.xsd=org/springframework/transaction/config/spring-tx-2.0.xsd, http://www.springframework.org/schema/security/spring-security.xsd=org/springframework/security/config/spring-security-4.2.xsd, http://www.springframework.org/schema/security/spring-security-3.0.xsd=org/springframework/security/config/spring-security-3.0.xsd, http://www.springframework.org/schema/jee/spring-jee-4.2.xsd=org/springframework/ejb/config/spring-jee-4.2.xsd, http://www.springframework.org/schema/jdbc/spring-jdbc-3.2.xsd=org/springframework/jdbc/config/spring-jdbc-3.2.xsd, http://www.springframework.org/schema/aop/spring-aop.xsd=org/springframework/aop/config/spring-aop-4.3.xsd, http://www.springframework.org/schema/task/spring-task-4.3.xsd=org/springframework/scheduling/config/spring-task-4.3.xsd}
23:31:10.777 [Test worker] DEBUG org.springframework.beans.factory.xml.PluggableSchemaResolver - Found XML schema [http://www.springframework.org/schema/beans/spring-beans.xsd] in classpath: org/springframework/beans/factory/xml/spring-beans-4.3.xsd
23:31:10.851 [Test worker] DEBUG org.springframework.beans.factory.xml.PluggableSchemaResolver - Found XML schema [http://www.springframework.org/schema/tx/spring-tx-4.3.xsd] in classpath: org/springframework/transaction/config/spring-tx-4.3.xsd
23:31:10.858 [Test worker] DEBUG org.springframework.beans.factory.xml.PluggableSchemaResolver - Found XML schema [http://www.springframework.org/schema/tool/spring-tool-4.3.xsd] in classpath: org/springframework/beans/factory/xml/spring-tool-4.3.xsd
23:31:10.866 [Test worker] DEBUG org.springframework.beans.factory.xml.PluggableSchemaResolver - Found XML schema [http://www.springframework.org/schema/context/spring-context-4.3.xsd] in classpath: org/springframework/context/config/spring-context-4.3.xsd
23:31:10.884 [Test worker] DEBUG org.springframework.beans.factory.xml.DefaultBeanDefinitionDocumentReader - Loading bean definitions
23:31:10.935 [Test worker] DEBUG org.springframework.beans.factory.xml.DefaultNamespaceHandlerResolver - Loaded NamespaceHandler mappings: {http://www.springframework.org/schema/p=org.springframework.beans.factory.xml.SimplePropertyNamespaceHandler, http://www.springframework.org/schema/mvc=org.springframework.web.servlet.config.MvcNamespaceHandler, http://www.springframework.org/schema/util=org.springframework.beans.factory.xml.UtilNamespaceHandler, http://www.springframework.org/schema/jee=org.springframework.ejb.config.JeeNamespaceHandler, http://www.springframework.org/schema/aop=org.springframework.aop.config.AopNamespaceHandler, http://www.springframework.org/schema/jdbc=org.springframework.jdbc.config.JdbcNamespaceHandler, http://www.springframework.org/schema/cache=org.springframework.cache.config.CacheNamespaceHandler, http://mybatis.org/schema/mybatis-spring=org.mybatis.spring.config.NamespaceHandler, http://www.springframework.org/schema/c=org.springframework.beans.factory.xml.SimpleConstructorNamespaceHandler, http://www.springframework.org/schema/security=org.springframework.security.config.SecurityNamespaceHandler, http://www.springframework.org/schema/tx=org.springframework.transaction.config.TxNamespaceHandler, http://www.springframework.org/schema/task=org.springframework.scheduling.config.TaskNamespaceHandler, http://www.springframework.org/schema/lang=org.springframework.scripting.config.LangNamespaceHandler, http://www.springframework.org/schema/context=org.springframework.context.config.ContextNamespaceHandler}
23:31:10.999 [Test worker] DEBUG org.springframework.context.annotation.ClassPathBeanDefinitionScanner - JSR-330 'javax.inject.Named' annotation found and supported for component scanning
23:31:11.004 [Test worker] DEBUG org.springframework.core.io.support.PathMatchingResourcePatternResolver - Resolved classpath location [com/] to resources [URL [file:/home/nick/IdeaProjects/2017_Spring_v01/build/classes/test/com/], URL [file:/home/nick/IdeaProjects/2017_Spring_v01/build/classes/main/com/], URL [file:/home/nick/IdeaProjects/2017_Spring_v01/build/resources/main/com/], URL [jar:file:/home/nick/.gradle/caches/modules-2/files-2.1/com.fasterxml.jackson.core/jackson-databind/2.8.8/bf88c7b27e95cbadce4e7c316a56c3efffda8026/jackson-databind-2.8.8.jar!/com/], URL [jar:file:/home/nick/.gradle/caches/modules-2/files-2.1/com.fasterxml.jackson.core/jackson-core/2.8.8/d478fb6de45a7c3d2cad07c8ad70c7f0a797a020/jackson-core-2.8.8.jar!/com/], URL [jar:file:/home/nick/.gradle/caches/modules-2/files-2.1/com.fasterxml.jackson.core/jackson-annotations/2.8.8/1ed81c0e4eb2d261d1da0a3a45bd6b199fb5cf9a/jackson-annotations-2.8.8.jar!/com/], URL [jar:file:/home/nick/.gradle/caches/modules-2/files-2.1/com.google.code.gson/gson/2.8.0/c4ba5371a29ac9b2ad6129b1d39ea38750043eff/gson-2.8.0.jar!/com/]]
23:31:11.004 [Test worker] DEBUG org.springframework.core.io.support.PathMatchingResourcePatternResolver - Looking for matching resources in directory tree [/home/nick/IdeaProjects/2017_Spring_v01/build/classes/test/com]
23:31:11.004 [Test worker] DEBUG org.springframework.core.io.support.PathMatchingResourcePatternResolver - Searching directory [/home/nick/IdeaProjects/2017_Spring_v01/build/classes/test/com] for files matching pattern [/home/nick/IdeaProjects/2017_Spring_v01/build/classes/test/com/**/*.class]
23:31:11.004 [Test worker] DEBUG org.springframework.core.io.support.PathMatchingResourcePatternResolver - Searching directory [/home/nick/IdeaProjects/2017_Spring_v01/build/classes/test/com/springV01] for files matching pattern [/home/nick/IdeaProjects/2017_Spring_v01/build/classes/test/com/**/*.class]
23:31:11.005 [Test worker] DEBUG org.springframework.core.io.support.PathMatchingResourcePatternResolver - Searching directory [/home/nick/IdeaProjects/2017_Spring_v01/build/classes/test/com/springV01/web] for files matching pattern [/home/nick/IdeaProjects/2017_Spring_v01/build/classes/test/com/**/*.class]
23:31:11.005 [Test worker] DEBUG org.springframework.core.io.support.PathMatchingResourcePatternResolver - Looking for matching resources in directory tree [/home/nick/IdeaProjects/2017_Spring_v01/build/classes/main/com]
23:31:11.005 [Test worker] DEBUG org.springframework.core.io.support.PathMatchingResourcePatternResolver - Searching directory [/home/nick/IdeaProjects/2017_Spring_v01/build/classes/main/com] for files matching pattern [/home/nick/IdeaProjects/2017_Spring_v01/build/classes/main/com/**/*.class]
23:31:11.006 [Test worker] DEBUG org.springframework.core.io.support.PathMatchingResourcePatternResolver - Searching directory [/home/nick/IdeaProjects/2017_Spring_v01/build/classes/main/com/framework] for files matching pattern [/home/nick/IdeaProjects/2017_Spring_v01/build/classes/main/com/**/*.class]
23:31:11.006 [Test worker] DEBUG org.springframework.core.io.support.PathMatchingResourcePatternResolver - Searching directory [/home/nick/IdeaProjects/2017_Spring_v01/build/classes/main/com/framework/aop] for files matching pattern [/home/nick/IdeaProjects/2017_Spring_v01/build/classes/main/com/**/*.class]
23:31:11.007 [Test worker] DEBUG org.springframework.core.io.support.PathMatchingResourcePatternResolver - Searching directory [/home/nick/IdeaProjects/2017_Spring_v01/build/classes/main/com/framework/comm] for files matching pattern [/home/nick/IdeaProjects/2017_Spring_v01/build/classes/main/com/**/*.class]
23:31:11.007 [Test worker] DEBUG org.springframework.core.io.support.PathMatchingResourcePatternResolver - Searching directory [/home/nick/IdeaProjects/2017_Spring_v01/build/classes/main/com/framework/comm/session] for files matching pattern [/home/nick/IdeaProjects/2017_Spring_v01/build/classes/main/com/**/*.class]
23:31:11.007 [Test worker] DEBUG org.springframework.core.io.support.PathMatchingResourcePatternResolver - Searching directory [/home/nick/IdeaProjects/2017_Spring_v01/build/classes/main/com/framework/dao] for files matching pattern [/home/nick/IdeaProjects/2017_Spring_v01/build/classes/main/com/**/*.class]
23:31:11.008 [Test worker] DEBUG org.springframework.core.io.support.PathMatchingResourcePatternResolver - Searching directory [/home/nick/IdeaProjects/2017_Spring_v01/build/classes/main/com/framework/service] for files matching pattern [/home/nick/IdeaProjects/2017_Spring_v01/build/classes/main/com/**/*.class]
23:31:11.008 [Test worker] DEBUG org.springframework.core.io.support.PathMatchingResourcePatternResolver - Searching directory [/home/nick/IdeaProjects/2017_Spring_v01/build/classes/main/com/framework/util] for files matching pattern [/home/nick/IdeaProjects/2017_Spring_v01/build/classes/main/com/**/*.class]
23:31:11.009 [Test worker] DEBUG org.springframework.core.io.support.PathMatchingResourcePatternResolver - Searching directory [/home/nick/IdeaProjects/2017_Spring_v01/build/classes/main/com/springV01] for files matching pattern [/home/nick/IdeaProjects/2017_Spring_v01/build/classes/main/com/**/*.class]
23:31:11.009 [Test worker] DEBUG org.springframework.core.io.support.PathMatchingResourcePatternResolver - Searching directory [/home/nick/IdeaProjects/2017_Spring_v01/build/classes/main/com/springV01/controller] for files matching pattern [/home/nick/IdeaProjects/2017_Spring_v01/build/classes/main/com/**/*.class]
23:31:11.010 [Test worker] DEBUG org.springframework.core.io.support.PathMatchingResourcePatternResolver - Searching directory [/home/nick/IdeaProjects/2017_Spring_v01/build/classes/main/com/springV01/controller/board] for files matching pattern [/home/nick/IdeaProjects/2017_Spring_v01/build/classes/main/com/**/*.class]
23:31:11.010 [Test worker] DEBUG org.springframework.core.io.support.PathMatchingResourcePatternResolver - Searching directory [/home/nick/IdeaProjects/2017_Spring_v01/build/classes/main/com/springV01/controller/main] for files matching pattern [/home/nick/IdeaProjects/2017_Spring_v01/build/classes/main/com/**/*.class]
23:31:11.011 [Test worker] DEBUG org.springframework.core.io.support.PathMatchingResourcePatternResolver - Searching directory [/home/nick/IdeaProjects/2017_Spring_v01/build/classes/main/com/springV01/domain] for files matching pattern [/home/nick/IdeaProjects/2017_Spring_v01/build/classes/main/com/**/*.class]
23:31:11.012 [Test worker] DEBUG org.springframework.core.io.support.PathMatchingResourcePatternResolver - Searching directory [/home/nick/IdeaProjects/2017_Spring_v01/build/classes/main/com/springV01/service] for files matching pattern [/home/nick/IdeaProjects/2017_Spring_v01/build/classes/main/com/**/*.class]
23:31:11.012 [Test worker] DEBUG org.springframework.core.io.support.PathMatchingResourcePatternResolver - Searching directory [/home/nick/IdeaProjects/2017_Spring_v01/build/classes/main/com/springV01/service/board] for files matching pattern [/home/nick/IdeaProjects/2017_Spring_v01/build/classes/main/com/**/*.class]
23:31:11.013 [Test worker] DEBUG org.springframework.core.io.support.PathMatchingResourcePatternResolver - Searching directory [/home/nick/IdeaProjects/2017_Spring_v01/build/classes/main/com/springV01/service/main] for files matching pattern [/home/nick/IdeaProjects/2017_Spring_v01/build/classes/main/com/**/*.class]
23:31:11.013 [Test worker] DEBUG org.springframework.core.io.support.PathMatchingResourcePatternResolver - Searching directory [/home/nick/IdeaProjects/2017_Spring_v01/build/classes/main/com/springV01/util] for files matching pattern [/home/nick/IdeaProjects/2017_Spring_v01/build/classes/main/com/**/*.class]
23:31:11.014 [Test worker] DEBUG org.springframework.core.io.support.PathMatchingResourcePatternResolver - Looking for matching resources in directory tree [/home/nick/IdeaProjects/2017_Spring_v01/build/resources/main/com]
23:31:11.015 [Test worker] DEBUG org.springframework.core.io.support.PathMatchingResourcePatternResolver - Searching directory [/home/nick/IdeaProjects/2017_Spring_v01/build/resources/main/com] for files matching pattern [/home/nick/IdeaProjects/2017_Spring_v01/build/resources/main/com/**/*.class]
23:31:11.015 [Test worker] DEBUG org.springframework.core.io.support.PathMatchingResourcePatternResolver - Searching directory [/home/nick/IdeaProjects/2017_Spring_v01/build/resources/main/com/framework] for files matching pattern [/home/nick/IdeaProjects/2017_Spring_v01/build/resources/main/com/**/*.class]
23:31:11.015 [Test worker] DEBUG org.springframework.core.io.support.PathMatchingResourcePatternResolver - Searching directory [/home/nick/IdeaProjects/2017_Spring_v01/build/resources/main/com/framework/mybatis] for files matching pattern [/home/nick/IdeaProjects/2017_Spring_v01/build/resources/main/com/**/*.class]
23:31:11.016 [Test worker] DEBUG org.springframework.core.io.support.PathMatchingResourcePatternResolver - Searching directory [/home/nick/IdeaProjects/2017_Spring_v01/build/resources/main/com/framework/spring] for files matching pattern [/home/nick/IdeaProjects/2017_Spring_v01/build/resources/main/com/**/*.class]
23:31:11.017 [Test worker] DEBUG org.springframework.core.io.support.PathMatchingResourcePatternResolver - Searching directory [/home/nick/IdeaProjects/2017_Spring_v01/build/resources/main/com/springV01] for files matching pattern [/home/nick/IdeaProjects/2017_Spring_v01/build/resources/main/com/**/*.class]
23:31:11.017 [Test worker] DEBUG org.springframework.core.io.support.PathMatchingResourcePatternResolver - Searching directory [/home/nick/IdeaProjects/2017_Spring_v01/build/resources/main/com/springV01/mapper] for files matching pattern [/home/nick/IdeaProjects/2017_Spring_v01/build/resources/main/com/**/*.class]
23:31:11.018 [Test worker] DEBUG org.springframework.core.io.support.PathMatchingResourcePatternResolver - Searching directory [/home/nick/IdeaProjects/2017_Spring_v01/build/resources/main/com/springV01/mapper/board] for files matching pattern [/home/nick/IdeaProjects/2017_Spring_v01/build/resources/main/com/**/*.class]
23:31:11.018 [Test worker] DEBUG org.springframework.core.io.support.PathMatchingResourcePatternResolver - Searching directory [/home/nick/IdeaProjects/2017_Spring_v01/build/resources/main/com/springV01/mapper/main] for files matching pattern [/home/nick/IdeaProjects/2017_Spring_v01/build/resources/main/com/**/*.class]
23:31:11.018 [Test worker] DEBUG org.springframework.core.io.support.PathMatchingResourcePatternResolver - Searching directory [/home/nick/IdeaProjects/2017_Spring_v01/build/resources/main/com/springV01/tiles] for files matching pattern [/home/nick/IdeaProjects/2017_Spring_v01/build/resources/main/com/**/*.class]
23:31:11.019 [Test worker] DEBUG org.springframework.core.io.support.PathMatchingResourcePatternResolver - Looking for matching resources in jar file [file:/home/nick/.gradle/caches/modules-2/files-2.1/com.fasterxml.jackson.core/jackson-databind/2.8.8/bf88c7b27e95cbadce4e7c316a56c3efffda8026/jackson-databind-2.8.8.jar]
23:31:11.070 [Test worker] DEBUG org.springframework.core.io.support.PathMatchingResourcePatternResolver - Looking for matching resources in jar file [file:/home/nick/.gradle/caches/modules-2/files-2.1/com.fasterxml.jackson.core/jackson-core/2.8.8/d478fb6de45a7c3d2cad07c8ad70c7f0a797a020/jackson-core-2.8.8.jar]
23:31:11.077 [Test worker] DEBUG org.springframework.core.io.support.PathMatchingResourcePatternResolver - Looking for matching resources in jar file [file:/home/nick/.gradle/caches/modules-2/files-2.1/com.fasterxml.jackson.core/jackson-annotations/2.8.8/1ed81c0e4eb2d261d1da0a3a45bd6b199fb5cf9a/jackson-annotations-2.8.8.jar]
23:31:11.083 [Test worker] DEBUG org.springframework.core.io.support.PathMatchingResourcePatternResolver - Looking for matching resources in jar file [file:/home/nick/.gradle/caches/modules-2/files-2.1/com.google.code.gson/gson/2.8.0/c4ba5371a29ac9b2ad6129b1d39ea38750043eff/gson-2.8.0.jar]
23:31:11.099 [Test worker] DEBUG org.springframework.core.io.support.PathMatchingResourcePatternResolver - Resolved location pattern [classpath*:com/**/*.class] to resources [file [/home/nick/IdeaProjects/2017_Spring_v01/build/classes/test/com/springV01/web/DataSourceTest.class], file [/home/nick/IdeaProjects/2017_Spring_v01/build/classes/main/com/framework/aop/ControllerAdvice.class], file [/home/nick/IdeaProjects/2017_Spring_v01/build/classes/main/com/framework/comm/session/SessionBindingListener.class], file [/home/nick/IdeaProjects/2017_Spring_v01/build/classes/main/com/framework/dao/MybatisDao.class], file [/home/nick/IdeaProjects/2017_Spring_v01/build/classes/main/com/framework/dao/MybatisService.class], file [/home/nick/IdeaProjects/2017_Spring_v01/build/classes/main/com/framework/service/BaseService.class], file [/home/nick/IdeaProjects/2017_Spring_v01/build/classes/main/com/framework/util/BindingInitializer.class], file [/home/nick/IdeaProjects/2017_Spring_v01/build/classes/main/com/framework/util/Constant.class], file [/home/nick/IdeaProjects/2017_Spring_v01/build/classes/main/com/framework/util/RequestUtil.class], file [/home/nick/IdeaProjects/2017_Spring_v01/build/classes/main/com/framework/util/StrUtil.class], file [/home/nick/IdeaProjects/2017_Spring_v01/build/classes/main/com/springV01/controller/board/Board001Controller.class], file [/home/nick/IdeaProjects/2017_Spring_v01/build/classes/main/com/springV01/controller/board/Board002Controller.class], file [/home/nick/IdeaProjects/2017_Spring_v01/build/classes/main/com/springV01/controller/main/Main001Controller.class], file [/home/nick/IdeaProjects/2017_Spring_v01/build/classes/main/com/springV01/domain/BoardVO.class], file [/home/nick/IdeaProjects/2017_Spring_v01/build/classes/main/com/springV01/service/board/Board001Service.class], file [/home/nick/IdeaProjects/2017_Spring_v01/build/classes/main/com/springV01/service/main/Main001Service.class], file [/home/nick/IdeaProjects/2017_Spring_v01/build/classes/main/com/springV01/util/AjaxResponseUtil.class], URL [jar:file:/home/nick/.gradle/caches/modules-2/files-2.1/com.fasterxml.jackson.core/jackson-databind/2.8.8/bf88c7b27e95cbadce4e7c316a56c3efffda8026/jackson-databind-2.8.8.jar!/com/fasterxml/jackson/databind/AbstractTypeResolver.class], URL [jar:file:/home/nick/.gradle/caches/modules-2/files-2.1/com.fasterxml.jackson.core/jackson-databind/2.8.8/bf88c7b27e95cbadce4e7c316a56c3efffda8026/jackson-databind-2.8.8.jar!/com/fasterxml/jackson/databind/AnnotationIntrospector$ReferenceProperty$Type.class], URL [jar:file:/home/nick/.gradle/caches/modules-2/files-2.1/com.fasterxml.jackson.core/jackson-databind/2.8.8/bf88c7b27e95cbadce4e7c316a56c3efffda8026/jackson-databind-2.8.8.jar!/com/fasterxml/jackson/databind/AnnotationIntrospector$ReferenceProperty.class], URL [jar:file:/home/nick/.gradle/caches/modules-2/files-2.1/com.fasterxml.jackson.core/jackson-databind/2.8.8/bf88c7b27e95cbadce4e7c316a56c3efffda8026/jackson-databind-2.8.8.jar!/com/fasterxml/jackson/databind/AnnotationIntrospector.class], URL [jar:file:/home/nick/.gradle/caches/modules-2/files-2.1/com.fasterxml.jackson.core/jackson-databind/2.8.8/bf88c7b27e95cbadce4e7c316a56c3efffda8026/jackson-databind-2.8.8.jar!/com/fasterxml/jackson/databind/BeanDescription.class], URL [jar:file:/home/nick/.gradle/caches/modules-2/files-2.1/com.fasterxml.jackson.core/jackson-databind/2.8.8/bf88c7b27e95cbadce4e7c316a56c3efffda8026/jackson-databind-2.8.8.jar!/com/fasterxml/jackson/databind/BeanProperty$Std.class], URL [jar:file:/home/nick/.gradle/caches/modules-2/files-2.1/com.fasterxml.jackson.core/jackson-databind/2.8.8/bf88c7b27e95cbadce4e7c316a56c3efffda8026/jackson-databind-2.8.8.jar!/com/fasterxml/jackson/databind/BeanProperty.class], URL [jar:file:/home/nick/.gradle/caches/modules-2/files-2.1/com.fasterxml.jackson.core/jackson-databind/2.8.8/bf88c7b27e95cbadce4e7c316a56c3efffda8026/jackson-databind-2.8.8.jar!/com/fasterxml/jackson/databind/DatabindContext.class], URL [jar:file:/home/nick/.gradle/caches/modules-2/files-2.1/com.fasterxml.jackson.core/jackson-databind/2.8.8/bf88c7b27e95cbadce4e7c316a56c3efffda8026/jackson-databind-2.8.8.jar!/com/fasterxml/jackson/databind/DeserializationConfig.class], URL [jar:file:/home/nick/.gradle/caches/modules-2/files-2.1/com.fasterxml.jackson.core/jackson-databind/2.8.8/bf88c7b27e95cbadce4e7c316a56c3efffda8026/jackson-databind-2.8.8.jar!/com/fasterxml/jackson/databind/DeserializationContext.class], URL [jar:file:/home/nick/.gradle/caches/modules-2/files-2.1/com.fasterxml.jackson.core/jackson-databind/2.8.8/bf88c7b27e95cbadce4e7c316a56c3efffda8026/jackson-databind-2.8.8.jar!/com/fasterxml/jackson/databind/DeserializationFeature.class], URL [jar:file:/home/nick/.gradle/caches/modules-2/files-2.1/com.fasterxml.jackson.core/jackson-databind/2.8.8/bf88c7b27e95cbadce4e7c316a56c3efffda8026/jackson-databind-2.8.8.jar!/com/fasterxml/jackson/databind/InjectableValues$Std.class], URL [jar:file:/home/nick/.gradle/caches/modules-2/files-2.1/com.fasterxml.jackson.core/jackson-databind/2.8.8/bf88c7b27e95cbadce4e7c316a56c3efffda8026/jackson-databind-2.8.8.jar!/com/fasterxml/jackson/databind/InjectableValues.class], URL [jar:file:/home/nick/.gradle/caches/modules-2/files-2.1/com.fasterxml.jackson.core/jackson-databind/2.8.8/bf88c7b27e95cbadce4e7c316a56c3efffda8026/jackson-databind-2.8.8.jar!/com/fasterxml/jackson/databind/JavaType.class], URL [jar:file:/home/nick/.gradle/caches/modules-2/files-2.1/com.fasterxml.jackson.core/jackson-databind/2.8.8/bf88c7b27e95cbadce4e7c316a56c3efffda8026/jackson-databind-2.8.8.jar!/com/fasterxml/jackson/databind/JsonDeserializer$None.class], URL [jar:file:/home/nick/.gradle/caches/modules-2/files-2.1/com.fasterxml.jackson.core/jackson-databind/2.8.8/bf88c7b27e95cbadce4e7c316a56c3efffda8026/jackson-databind-2.8.8.jar!/com/fasterxml/jackson/databind/JsonDeserializer.class], URL [jar:file:/home/nick/.gradle/caches/modules-2/files-2.1/com.fasterxml.jackson.core/jackson-databind/2.8.8/bf88c7b27e95cbadce4e7c316a56c3efffda8026/jackson-databind-2.8.8.jar!/com/fasterxml/jackson/databind/JsonMappingException$Reference.class], URL [jar:file:/home/nick/.gradle/caches/modules-2/files-2.1/com.fasterxml.jackson.core/jackson-databind/2.8.8/bf88c7b27e95cbadce4e7c316a56c3efffda8026/jackson-databind-2.8.8.jar!/com/fasterxml/jackson/databind/JsonMappingException.class], URL [jar:file:/home/nick/.gradle/caches/modules-2/files-2.1/com.fasterxml.jackson.core/jackson-databind/2.8.8/bf88c7b27e95cbadce4e7c316a56c3efffda8026/jackson-databind-2.8.8.jar!/com/fasterxml/jackson/databind/JsonNode$1.class], URL [jar:file:/home/nick/.gradle/caches/modules-2/files-2.1/com.fasterxml.jackson.core/jackson-databind/2.8.8/bf88c7b27e95cbadce4e7c316a56c3efffda8026/jackson-databind-2.8.8.jar!/com/fasterxml/jackson/databind/JsonNode.class], URL [jar:file:/home/nick/.gradle/caches/modules-2/files-2.1/com.fasterxml.jackson.core/jackson-databind/2.8.8/bf88c7b27e95cbadce4e7c316a56c3efffda8026/jackson-databind-2.8.8.jar!/com/fasterxml/jackson/databind/JsonSerializable$Base.class], URL [jar:file:/home/nick/.gradle/caches/modules-2/files-2.1/com.fasterxml.jackson.core/jackson-databind/2.8.8/bf88c7b27e95cbadce4e7c316a56c3efffda8026/jackson-databind-2.8.8.jar!/com/fasterxml/jackson/databind/JsonSerializable.class], URL [jar:file:/home/nick/.gradle/caches/modules-2/files-2.1/com.fasterxml.jackson.core/jackson-databind/2.8.8/bf88c7b27e95cbadce4e7c316a56c3efffda8026/jackson-databind-2.8.8.jar!/com/fasterxml/jackson/databind/JsonSerializer$None.class], URL [jar:file:/home/nick/.gradle/caches/modules-2/files-2.1/com.fasterxml.jackson.core/jackson-databind/2.8.8/bf88c7b27e95cbadce4e7c316a56c3efffda8026/jackson-databind-2.8.8.jar!/com/fasterxml/jackson/databind/JsonSerializer.class], URL [jar:file:/home/nick/.gradle/caches/modules-2/files-2.1/com.fasterxml.jackson.core/jackson-databind/2.8.8/bf88c7b27e95cbadce4e7c316a56c3efffda8026/jackson-databind-2.8.8.jar!/com/fasterxml/jackson/databind/KeyDeserializer$None.class], URL [jar:file:/home/nick/.gradle/caches/modules-2/files-2.1/com.fasterxml.jackson.core/jackson-databind/2.8.8/bf88c7b27e95cbadce4e7c316a56c3efffda8026/jackson-databind-2.8.8.jar!/com/fasterxml/jackson/databind/KeyDeserializer.class], URL [jar:file:/home/nick/.gradle/caches/modules-2/files-2.1/com.fasterxml.jackson.core/jackson-databind/2.8.8/bf88c7b27e95cbadce4e7c316a56c3efffda8026/jackson-databind-2.8.8.jar!/com/fasterxml/jackson/databind/MapperFeature.class], URL [jar:file:/home/nick/.gradle/caches/modules-2/files-2.1/com.fasterxml.jackson.core/jackson-databind/2.8.8/bf88c7b27e95cbadce4e7c316a56c3efffda8026/jackson-databind-2.8.8.jar!/com/fasterxml/jackson/databind/MappingIterator.class], URL [jar:file:/home/nick/.gradle/caches/modules-2/files-2.1/com.fasterxml.jackson.core/jackson-databind/2.8.8/bf88c7b27e95cbadce4e7c316a56c3efffda8026/jackson-databind-2.8.8.jar!/com/fasterxml/jackson/databind/MappingJsonFactory.class], URL [jar:file:/home/nick/.gradle/caches/modules-2/files-2.1/com.fasterxml.jackson.core/jackson-databind/2.8.8/bf88c7b27e95cbadce4e7c316a56c3efffda8026/jackson-databind-2.8.8.jar!/com/fasterxml/jackson/databind/Module$SetupContext.class], URL [jar:file:/home/nick/.gradle/caches/modules-2/files-2.1/com.fasterxml.jackson.core/jackson-databind/2.8.8/bf88c7b27e95cbadce4e7c316a56c3efffda8026/jackson-databind-2.8.8.jar!/com/fasterxml/jackson/databind/Module.class], URL [jar:file:/home/nick/.gradle/caches/modules-2/files-2.1/com.fasterxml.jackson.core/jackson-databind/2.8.8/bf88c7b27e95cbadce4e7c316a56c3efffda8026/jackson-databind-2.8.8.jar!/com/fasterxml/jackson/databind/ObjectMapper$1.class], URL [jar:file:/home/nick/.gradle/caches/modules-2/files-2.1/com.fasterxml.jackson.core/jackson-databind/2.8.8/bf88c7b27e95cbadce4e7c316a56c3efffda8026/jackson-databind-2.8.8.jar!/com/fasterxml/jackson/databind/ObjectMapper$2.class], URL [jar:file:/home/nick/.gradle/caches/modules-2/files-2.1/com.fasterxml.jackson.core/jackson-databind/2.8.8/bf88c7b27e95cbadce4e7c316a56c3efffda8026/jackson-databind-2.8.8.jar!/com/fasterxml/jackson/databind/ObjectMapper$DefaultTypeResolverBuilder.class], URL [jar:file:/home/nick/.gradle/caches/modules-2/files-2.1/com.fasterxml.jackson.core/jackson-databind/2.8.8/bf88c7b27e95cbadce4e7c316a56c3efffda8026/jackson-databind-2.8.8.jar!/com/fasterxml/jackson/databind/ObjectMapper$DefaultTyping.class], URL [jar:file:/home/nick/.gradle/caches/modules-2/files-2.1/com.fasterxml.jackson.core/jackson-databind/2.8.8/bf88c7b27e95cbadce4e7c316a56c3efffda8026/jackson-databind-2.8.8.jar!/com/fasterxml/jackson/databind/ObjectMapper.class], URL [jar:file:/home/nick/.gradle/caches/modules-2/files-2.1/com.fasterxml.jackson.core/jackson-databind/2.8.8/bf88c7b27e95cbadce4e7c316a56c3efffda8026/jackson-databind-2.8.8.jar!/com/fasterxml/jackson/databind/ObjectReader.class], URL [jar:file:/home/nick/.gradle/caches/modules-2/files-2.1/com.fasterxml.jackson.core/jackson-databind/2.8.8/bf88c7b27e95cbadce4e7c316a56c3efffda8026/jackson-databind-2.8.8.jar!/com/fasterxml/jackson/databind/ObjectWriter$GeneratorSettings.class], URL [jar:file:/home/nick/.gradle/caches/modules-2/files-2.1/com.fasterxml.jackson.core/jackson-databind/2.8.8/bf88c7b27e95cbadce4e7c316a56c3efffda8026/jackson-databind-2.8.8.jar!/com/fasterxml/jackson/databind/ObjectWriter$Prefetch.class], URL [jar:file:/home/nick/.gradle/caches/modules-2/files-2.1/com.fasterxml.jackson.core/jackson-databind/2.8.8/bf88c7b27e95cbadce4e7c316a56c3efffda8026/jackson-databind-2.8.8.jar!/com/fasterxml/jackson/databind/ObjectWriter.class], URL [jar:file:/home/nick/.gradle/caches/modules-2/files-2.1/com.fasterxml.jackson.core/jackson-databind/2.8.8/bf88c7b27e95cbadce4e7c316a56c3efffda8026/jackson-databind-2.8.8.jar!/com/fasterxml/jackson/databind/PropertyMetadata.class], URL [jar:file:/home/nick/.gradle/caches/modules-2/files-2.1/com.fasterxml.jackson.core/jackson-databind/2.8.8/bf88c7b27e95cbadce4e7c316a56c3efffda8026/jackson-databind-2.8.8.jar!/com/fasterxml/jackson/databind/PropertyName.class], URL [jar:file:/home/nick/.gradle/caches/modules-2/files-2.1/com.fasterxml.jackson.core/jackson-databind/2.8.8/bf88c7b27e95cbadce4e7c316a56c3efffda8026/jackson-databind-2.8.8.jar!/com/fasterxml/jackson/databind/PropertyNamingStrategy$KebabCaseStrategy.class], URL [jar:file:/home/nick/.gradle/caches/modules-2/files-2.1/com.fasterxml.jackson.core/jackson-databind/2.8.8/bf88c7b27e95cbadce4e7c316a56c3efffda8026/jackson-databind-2.8.8.jar!/com/fasterxml/jackson/databind/PropertyNamingStrategy$LowerCaseStrategy.class], URL [jar:file:/home/nick/.gradle/caches/modules-2/files-2.1/com.fasterxml.jackson.core/jackson-databind/2.8.8/bf88c7b27e95cbadce4e7c316a56c3efffda8026/jackson-databind-2.8.8.jar!/com/fasterxml/jackson/databind/PropertyNamingStrategy$LowerCaseWithUnderscoresStrategy.class], URL [jar:file:/home/nick/.gradle/caches/modules-2/files-2.1/com.fasterxml.jackson.core/jackson-databind/2.8.8/bf88c7b27e95cbadce4e7c316a56c3efffda8026/jackson-databind-2.8.8.jar!/com/fasterxml/jackson/databind/PropertyNamingStrategy$PascalCaseStrategy.class], URL [jar:file:/home/nick/.gradle/caches/modules-2/files-2.1/com.fasterxml.jackson.core/jackson-databind/2.8.8/bf88c7b27e95cbadce4e7c316a56c3efffda8026/jackson-databind-2.8.8.jar!/com/fasterxml/jackson/databind/PropertyNamingStrategy$PropertyNamingStrategyBase.class], URL [jar:file:/home/nick/.gradle/caches/modules-2/files-2.1/com.fasterxml.jackson.core/jackson-databind/2.8.8/bf88c7b27e95cbadce4e7c316a56c3efffda8026/jackson-databind-2.8.8.jar!/com/fasterxml/jackson/databind/PropertyNamingStrategy$SnakeCaseStrategy.class], URL [jar:file:/home/nick/.gradle/caches/modules-2/files-2.1/com.fasterxml.jackson.core/jackson-databind/2.8.8/bf88c7b27e95cbadce4e7c316a56c3efffda8026/jackson-databind-2.8.8.jar!/com/fasterxml/jackson/databind/PropertyNamingStrategy$UpperCamelCaseStrategy.class], URL [jar:file:/home/nick/.gradle/caches/modules-2/files-2.1/com.fasterxml.jackson.core/jackson-databind/2.8.8/bf88c7b27e95cbadce4e7c316a56c3efffda8026/jackson-databind-2.8.8.jar!/com/fasterxml/jackson/databind/PropertyNamingStrategy.class], URL [jar:file:/home/nick/.gradle/caches/modules-2/files-2.1/com.fasterxml.jackson.core/jackson-databind/2.8.8/bf88c7b27e95cbadce4e7c316a56c3efffda8026/jackson-databind-2.8.8.jar!/com/fasterxml/jackson/databind/RuntimeJsonMappingException.class], URL [jar:file:/home/nick/.gradle/caches/modules-2/files-2.1/com.fasterxml.jackson.core/jackson-databind/2.8.8/bf88c7b27e95cbadce4e7c316a56c3efffda8026/jackson-databind-2.8.8.jar!/com/fasterxml/jackson/databind/SequenceWriter.class], URL [jar:file:/home/nick/.gradle/caches/modules-2/files-2.1/com.fasterxml.jackson.core/jackson-databind/2.8.8/bf88c7b27e95cbadce4e7c316a56c3efffda8026/jackson-databind-2.8.8.jar!/com/fasterxml/jackson/databind/SerializationConfig.class], URL [jar:file:/home/nick/.gradle/caches/modules-2/files-2.1/com.fasterxml.jackson.core/jackson-databind/2.8.8/bf88c7b27e95cbadce4e7c316a56c3efffda8026/jackson-databind-2.8.8.jar!/com/fasterxml/jackson/databind/SerializationFeature.class], URL [jar:file:/home/nick/.gradle/caches/modules-2/files-2.1/com.fasterxml.jackson.core/jackson-databind/2.8.8/bf88c7b27e95cbadce4e7c316a56c3efffda8026/jackson-databind-2.8.8.jar!/com/fasterxml/jackson/databind/SerializerProvider.class], URL [jar:file:/home/nick/.gradle/caches/modules-2/files-2.1/com.fasterxml.jackson.core/jackson-databind/2.8.8/bf88c7b27e95cbadce4e7c316a56c3efffda8026/jackson-databind-2.8.8.jar!/com/fasterxml/jackson/databind/annotation/JacksonStdImpl.class], URL [jar:file:/home/nick/.gradle/caches/modules-2/files-2.1/com.fasterxml.jackson.core/jackson-databind/2.8.8/bf88c7b27e95cbadce4e7c316a56c3efffda8026/jackson-databind-2.8.8.jar!/com/fasterxml/jackson/databind/annotation/JsonAppend$Attr.class], URL [jar:file:/home/nick/.gradle/caches/modules-2/files-2.1/com.fasterxml.jackson.core/jackson-databind/2.8.8/bf88c7b27e95cbadce4e7c316a56c3efffda8026/jackson-databind-2.8.8.jar!/com/fasterxml/jackson/databind/annotation/JsonAppend$Prop.class], URL [jar:file:/home/nick/.gradle/caches/modules-2/files-2.1/com.fasterxml.jackson.core/jackson-databind/2.8.8/bf88c7b27e95cbadce4e7c316a56c3efffda8026/jackson-databind-2.8.8.jar!/com/fasterxml/jackson/databind/annotation/JsonAppend.class], URL [jar:file:/home/nick/.gradle/caches/modules-2/files-2.1/com.fasterxml.jackson.core/jackson-databind/2.8.8/bf88c7b27e95cbadce4e7c316a56c3efffda8026/jackson-databind-2.8.8.jar!/com/fasterxml/jackson/databind/annotation/JsonDeserialize.class], URL [jar:file:/home/nick/.gradle/caches/modules-2/files-2.1/com.fasterxml.jackson.core/jackson-databind/2.8.8/bf88c7b27e95cbadce4e7c316a56c3efffda8026/jackson-databind-2.8.8.jar!/com/fasterxml/jackson/databind/annotation/JsonNaming.class], URL [jar:file:/home/nick/.gradle/caches/modules-2/files-2.1/com.fasterxml.jackson.core/jackson-databind/2.8.8/bf88c7b27e95cbadce4e7c316a56c3efffda8026/jackson-databind-2.8.8.jar!/com/fasterxml/jackson/databind/annotation/JsonPOJOBuilder$Value.class], URL [jar:file:/home/nick/.gradle/caches/modules-2/files-2.1/com.fasterxml.jackson.core/jackson-databind/2.8.8/bf88c7b27e95cbadce4e7c316a56c3efffda8026/jackson-databind-2.8.8.jar!/com/fasterxml/jackson/databind/annotation/JsonPOJOBuilder.class], URL [jar:file:/home/nick/.gradle/caches/modules-2/files-2.1/com.fasterxml.jackson.core/jackson-databind/2.8.8/bf88c7b27e95cbadce4e7c316a56c3efffda8026/jackson-databind-2.8.8.jar!/com/fasterxml/jackson/databind/annotation/JsonSerialize$Inclusion.class], URL [jar:file:/home/nick/.gradle/caches/modules-2/files-2.1/com.fasterxml.jackson.core/jackson-databind/2.8.8/bf88c7b27e95cbadce4e7c316a56c3efffda8026/jackson-databind-2.8.8.jar!/com/fasterxml/jackson/databind/annotation/JsonSerialize$Typing.class], URL [jar:file:/home/nick/.gradle/caches/modules-2/files-2.1/com.fasterxml.jackson.core/jackson-databind/2.8.8/bf88c7b27e95cbadce4e7c316a56c3efffda8026/jackson-databind-2.8.8.jar!/com/fasterxml/jackson/databind/annotation/JsonSerialize.class], URL [jar:file:/home/nick/.gradle/caches/modules-2/files-2.1/com.fasterxml.jackson.core/jackson-databind/2.8.8/bf88c7b27e95cbadce4e7c316a56c3efffda8026/jackson-databind-2.8.8.jar!/com/fasterxml/jackson/databind/annotation/JsonTypeIdResolver.class], URL [jar:file:/home/nick/.gradle/caches/modules-2/files-2.1/com.fasterxml.jackson.core/jackson-databind/2.8.8/bf88c7b27e95cbadce4e7c316a56c3efffda8026/jackson-databind-2.8.8.jar!/com/fasterxml/jackson/databind/annotation/JsonTypeResolver.class], URL [jar:file:/home/nick/.gradle/caches/modules-2/files-2.1/com.fasterxml.jackson.core/jackson-databind/2.8.8/bf88c7b27e95cbadce4e7c316a56c3efffda8026/jackson-databind-2.8.8.jar!/com/fasterxml/jackson/databind/annotation/JsonValueInstantiator.class], URL [jar:file:/home/nick/.gradle/caches/modules-2/files-2.1/com.fasterxml.jackson.core/jackson-databind/2.8.8/bf88c7b27e95cbadce4e7c316a56c3efffda8026/jackson-databind-2.8.8.jar!/com/fasterxml/jackson/databind/annotation/NoClass.class], URL [jar:file:/home/nick/.gradle/caches/modules-2/files-2.1/com.fasterxml.jackson.core/jackson-databind/2.8.8/bf88c7b27e95cbadce4e7c316a56c3efffda8026/jackson-databind-2.8.8.jar!/com/fasterxml/jackson/databind/cfg/BaseSettings.class], URL [jar:file:/home/nick/.gradle/caches/modules-2/files-2.1/com.fasterxml.jackson.core/jackson-databind/2.8.8/bf88c7b27e95cbadce4e7c316a56c3efffda8026/jackson-databind-2.8.8.jar!/com/fasterxml/jackson/databind/cfg/ConfigFeature.class], URL [jar:file:/home/nick/.gradle/caches/modules-2/files-2.1/com.fasterxml.jackson.core/jackson-databind/2.8.8/bf88c7b27e95cbadce4e7c316a56c3efffda8026/jackson-databind-2.8.8.jar!/com/fasterxml/jackson/databind/cfg/ConfigOverride.class], URL [jar:file:/home/nick/.gradle/caches/modules-2/files-2.1/com.fasterxml.jackson.core/jackson-databind/2.8.8/bf88c7b27e95cbadce4e7c316a56c3efffda8026/jackson-databind-2.8.8.jar!/com/fasterxml/jackson/databind/cfg/ConfigOverrides.class], URL [jar:file:/home/nick/.gradle/caches/modules-2/files-2.1/com.fasterxml.jackson.core/jackson-databind/2.8.8/bf88c7b27e95cbadce4e7c316a56c3efffda8026/jackson-databind-2.8.8.jar!/com/fasterxml/jackson/databind/cfg/ContextAttributes$Impl.class], URL [jar:file:/home/nick/.gradle/caches/modules-2/files-2.1/com.fasterxml.jackson.core/jackson-databind/2.8.8/bf88c7b27e95cbadce4e7c316a56c3efffda8026/jackson-databind-2.8.8.jar!/com/fasterxml/jackson/databind/cfg/ContextAttributes.class], URL [jar:file:/home/nick/.gradle/caches/modules-2/files-2.1/com.fasterxml.jackson.core/jackson-databind/2.8.8/bf88c7b27e95cbadce4e7c316a56c3efffda8026/jackson-databind-2.8.8.jar!/com/fasterxml/jackson/databind/cfg/DeserializerFactoryConfig.class], URL [jar:file:/home/nick/.gradle/caches/modules-2/files-2.1/com.fasterxml.jackson.core/jackson-databind/2.8.8/bf88c7b27e95cbadce4e7c316a56c3efffda8026/jackson-databind-2.8.8.jar!/com/fasterxml/jackson/databind/cfg/HandlerInstantiator.class], URL [jar:file:/home/nick/.gradle/caches/modules-2/files-2.1/com.fasterxml.jackson.core/jackson-databind/2.8.8/bf88c7b27e95cbadce4e7c316a56c3efffda8026/jackson-databind-2.8.8.jar!/com/fasterxml/jackson/databind/cfg/MapperConfig.class], URL [jar:file:/home/nick/.gradle/caches/modules-2/files-2.1/com.fasterxml.jackson.core/jackson-databind/2.8.8/bf88c7b27e95cbadce4e7c316a56c3efffda8026/jackson-databind-2.8.8.jar!/com/fasterxml/jackson/databind/cfg/MapperConfigBase.class], URL [jar:file:/home/nick/.gradle/caches/modules-2/files-2.1/com.fasterxml.jackson.core/jackson-databind/2.8.8/bf88c7b27e95cbadce4e7c316a56c3efffda8026/jackson-databind-2.8.8.jar!/com/fasterxml/jackson/databind/cfg/MutableConfigOverride.class], URL [jar:file:/home/nick/.gradle/caches/modules-2/files-2.1/com.fasterxml.jackson.core/jackson-databind/2.8.8/bf88c7b27e95cbadce4e7c316a56c3efffda8026/jackson-databind-2.8.8.jar!/com/fasterxml/jackson/databind/cfg/PackageVersion.class], URL [jar:file:/home/nick/.gradle/caches/modules-2/files-2.1/com.fasterxml.jackson.core/jackson-databind/2.8.8/bf88c7b27e95cbadce4e7c316a56c3efffda8026/jackson-databind-2.8.8.jar!/com/fasterxml/jackson/databind/cfg/SerializerFactoryConfig.class], URL [jar:file:/home/nick/.gradle/caches/modules-2/files-2.1/com.fasterxml.jackson.core/jackson-databind/2.8.8/bf88c7b27e95cbadce4e7c316a56c3efffda8026/jackson-databind-2.8.8.jar!/com/fasterxml/jackson/databind/deser/AbstractDeserializer.class], URL [jar:file:/home/nick/.gradle/caches/modules-2/files-2.1/com.fasterxml.jackson.core/jackson-databind/2.8.8/bf88c7b27e95cbadce4e7c316a56c3efffda8026/jackson-databind-2.8.8.jar!/com/fasterxml/jackson/databind/deser/BasicDeserializerFactory.class], URL [jar:file:/home/nick/.gradle/caches/modules-2/files-2.1/com.fasterxml.jackson.core/jackson-databind/2.8.8/bf88c7b27e95cbadce4e7c316a56c3efffda8026/jackson-databind-2.8.8.jar!/com/fasterxml/jackson/databind/deser/BeanDeserializer$1.class], URL [jar:file:/home/nick/.gradle/caches/modules-2/files-2.1/com.fasterxml.jackson.core/jackson-databind/2.8.8/bf88c7b27e95cbadce4e7c316a56c3efffda8026/jackson-databind-2.8.8.jar!/com/fasterxml/jackson/databind/deser/BeanDeserializer$BeanReferring.class], URL [jar:file:/home/nick/.gradle/caches/modules-2/files-2.1/com.fasterxml.jackson.core/jackson-databind/2.8.8/bf88c7b27e95cbadce4e7c316a56c3efffda8026/jackson-databind-2.8.8.jar!/com/fasterxml/jackson/databind/deser/BeanDeserializer.class], URL [jar:file:/home/nick/.gradle/caches/modules-2/files-2.1/com.fasterxml.jackson.core/jackson-databind/2.8.8/bf88c7b27e95cbadce4e7c316a56c3efffda8026/jackson-databind-2.8.8.jar!/com/fasterxml/jackson/databind/deser/BeanDeserializerBase$1.class], URL [jar:file:/home/nick/.gradle/caches/modules-2/files-2.1/com.fasterxml.jackson.core/jackson-databind/2.8.8/bf88c7b27e95cbadce4e7c316a56c3efffda8026/jackson-databind-2.8.8.jar!/com/fasterxml/jackson/databind/deser/BeanDeserializerBase.class], URL [jar:file:/home/nick/.gradle/caches/modules-2/files-2.1/com.fasterxml.jackson.core/jackson-databind/2.8.8/bf88c7b27e95cbadce4e7c316a56c3efffda8026/jackson-databind-2.8.8.jar!/com/fasterxml/jackson/databind/deser/BeanDeserializerBuilder.class], URL [jar:file:/home/nick/.gradle/caches/modules-2/files-2.1/com.fasterxml.jackson.core/jackson-databind/2.8.8/bf88c7b27e95cbadce4e7c316a56c3efffda8026/jackson-databind-2.8.8.jar!/com/fasterxml/jackson/databind/deser/BeanDeserializerFactory.class], URL [jar:file:/home/nick/.gradle/caches/modules-2/files-2.1/com.fasterxml.jackson.core/jackson-databind/2.8.8/bf88c7b27e95cbadce4e7c316a56c3efffda8026/jackson-databind-2.8.8.jar!/com/fasterxml/jackson/databind/deser/BeanDeserializerModifier.class], URL [jar:file:/home/nick/.gradle/caches/modules-2/files-2.1/com.fasterxml.jackson.core/jackson-databind/2.8.8/bf88c7b27e95cbadce4e7c316a56c3efffda8026/jackson-databind-2.8.8.jar!/com/fasterxml/jackson/databind/deser/BuilderBasedDeserializer$1.class], URL [jar:file:/home/nick/.gradle/caches/modules-2/files-2.1/com.fasterxml.jackson.core/jackson-databind/2.8.8/bf88c7b27e95cbadce4e7c316a56c3efffda8026/jackson-databind-2.8.8.jar!/com/fasterxml/jackson/databind/deser/BuilderBasedDeserializer.class], URL [jar:file:/home/nick/.gradle/caches/modules-2/files-2.1/com.fasterxml.jackson.core/jackson-databind/2.8.8/bf88c7b27e95cbadce4e7c316a56c3efffda8026/jackson-databind-2.8.8.jar!/com/fasterxml/jackson/databind/deser/ContextualDeserializer.class], URL [jar:file:/home/nick/.gradle/caches/modules-2/files-2.1/com.fasterxml.jackson.core/jackson-databind/2.8.8/bf88c7b27e95cbadce4e7c316a56c3efffda8026/jackson-databind-2.8.8.jar!/com/fasterxml/jackson/databind/deser/ContextualKeyDeserializer.class], URL [jar:file:/home/nick/.gradle/caches/modules-2/files-2.1/com.fasterxml.jackson.core/jackson-databind/2.8.8/bf88c7b27e95cbadce4e7c316a56c3efffda8026/jackson-databind-2.8.8.jar!/com/fasterxml/jackson/databind/deser/CreatorProperty.class], URL [jar:file:/home/nick/.gradle/caches/modules-2/files-2.1/com.fasterxml.jackson.core/jackson-databind/2.8.8/bf88c7b27e95cbadce4e7c316a56c3efffda8026/jackson-databind-2.8.8.jar!/com/fasterxml/jackson/databind/deser/DataFormatReaders$AccessorForReader.class], URL [jar:file:/home/nick/.gradle/caches/modules-2/files-2.1/com.fasterxml.jackson.core/jackson-databind/2.8.8/bf88c7b27e95cbadce4e7c316a56c3efffda8026/jackson-databind-2.8.8.jar!/com/fasterxml/jackson/databind/deser/DataFormatReaders$Match.class], URL [jar:file:/home/nick/.gradle/caches/modules-2/files-2.1/com.fasterxml.jackson.core/jackson-databind/2.8.8/bf88c7b27e95cbadce4e7c316a56c3efffda8026/jackson-databind-2.8.8.jar!/com/fasterxml/jackson/databind/deser/DataFormatReaders.class], URL [jar:file:/home/nick/.gradle/caches/modules-2/files-2.1/com.fasterxml.jackson.core/jackson-databind/2.8.8/bf88c7b27e95cbadce4e7c316a56c3efffda8026/jackson-databind-2.8.8.jar!/com/fasterxml/jackson/databind/deser/DefaultDeserializationContext$Impl.class], URL [jar:file:/home/nick/.gradle/caches/modules-2/files-2.1/com.fasterxml.jackson.core/jackson-databind/2.8.8/bf88c7b27e95cbadce4e7c316a56c3efffda8026/jackson-databind-2.8.8.jar!/com/fasterxml/jackson/databind/deser/DefaultDeserializationContext.class], URL [jar:file:/home/nick/.gradle/caches/modules-2/files-2.1/com.fasterxml.jackson.core/jackson-databind/2.8.8/bf88c7b27e95cbadce4e7c316a56c3efffda8026/jackson-databind-2.8.8.jar!/com/fasterxml/jackson/databind/deser/DeserializationProblemHandler.class], URL [jar:file:/home/nick/.gradle/caches/modules-2/files-2.1/com.fasterxml.jackson.core/jackson-databind/2.8.8/bf88c7b27e95cbadce4e7c316a56c3efffda8026/jackson-databind-2.8.8.jar!/com/fasterxml/jackson/databind/deser/DeserializerCache.class], URL [jar:file:/home/nick/.gradle/caches/modules-2/files-2.1/com.fasterxml.jackson.core/jackson-databind/2.8.8/bf88c7b27e95cbadce4e7c316a56c3efffda8026/jackson-databind-2.8.8.jar!/com/fasterxml/jackson/databind/deser/DeserializerFactory.class], URL [jar:file:/home/nick/.gradle/caches/modules-2/files-2.1/com.fasterxml.jackson.core/jackson-databind/2.8.8/bf88c7b27e95cbadce4e7c316a56c3efffda8026/jackson-databind-2.8.8.jar!/com/fasterxml/jackson/databind/deser/Deserializers$Base.class], URL [jar:file:/home/nick/.gradle/caches/modules-2/files-2.1/com.fasterxml.jackson.core/jackson-databind/2.8.8/bf88c7b27e95cbadce4e7c316a56c3efffda8026/jackson-databind-2.8.8.jar!/com/fasterxml/jackson/databind/deser/Deserializers.class], URL [jar:file:/home/nick/.gradle/caches/modules-2/files-2.1/com.fasterxml.jackson.core/jackson-databind/2.8.8/bf88c7b27e95cbadce4e7c316a56c3efffda8026/jackson-databind-2.8.8.jar!/com/fasterxml/jackson/databind/deser/KeyDeserializers.class], URL [jar:file:/home/nick/.gradle/caches/modules-2/files-2.1/com.fasterxml.jackson.core/jackson-databind/2.8.8/bf88c7b27e95cbadce4e7c316a56c3efffda8026/jackson-databind-2.8.8.jar!/com/fasterxml/jackson/databind/deser/ResolvableDeserializer.class], URL [jar:file:/home/nick/.gradle/caches/modules-2/files-2.1/com.fasterxml.jackson.core/jackson-databind/2.8.8/bf88c7b27e95cbadce4e7c316a56c3efffda8026/jackson-databind-2.8.8.jar!/com/fasterxml/jackson/databind/deser/SettableAnyProperty$AnySetterReferring.class], URL [jar:file:/home/nick/.gradle/caches/modules-2/files-2.1/com.fasterxml.jackson.core/jackson-databind/2.8.8/bf88c7b27e95cbadce4e7c316a56c3efffda8026/jackson-databind-2.8.8.jar!/com/fasterxml/jackson/databind/deser/SettableAnyProperty.class], URL [jar:file:/home/nick/.gradle/caches/modules-2/files-2.1/com.fasterxml.jackson.core/jackson-databind/2.8.8/bf88c7b27e95cbadce4e7c316a56c3efffda8026/jackson-databind-2.8.8.jar!/com/fasterxml/jackson/databind/deser/SettableBeanProperty.class], URL [jar:file:/home/nick/.gradle/caches/modules-2/files-2.1/com.fasterxml.jackson.core/jackson-databind/2.8.8/bf88c7b27e95cbadce4e7c316a56c3efffda8026/jackson-databind-2.8.8.jar!/com/fasterxml/jackson/databind/deser/UnresolvedForwardReference.class], URL [jar:file:/home/nick/.gradle/caches/modules-2/files-2.1/com.fasterxml.jackson.core/jackson-databind/2.8.8/bf88c7b27e95cbadce4e7c316a56c3efffda8026/jackson-databind-2.8.8.jar!/com/fasterxml/jackson/databind/deser/UnresolvedId.class], URL [jar:file:/home/nick/.gradle/caches/modules-2/files-2.1/com.fasterxml.jackson.core/jackson-databind/2.8.8/bf88c7b27e95cbadce4e7c316a56c3efffda8026/jackson-databind-2.8.8.jar!/com/fasterxml/jackson/databind/deser/ValueInstantiator$Base.class], URL [jar:file:/home/nick/.gradle/caches/modules-2/files-2.1/com.fasterxml.jackson.core/jackson-databind/2.8.8/bf88c7b27e95cbadce4e7c316a56c3efffda8026/jackson-databind-2.8.8.jar!/com/fasterxml/jackson/databind/deser/ValueInstantiator.class], URL [jar:file:/home/nick/.gradle/caches/modules-2/files-2.1/com.fasterxml.jackson.core/jackson-databind/2.8.8/bf88c7b27e95cbadce4e7c316a56c3efffda8026/jackson-databind-2.8.8.jar!/com/fasterxml/jackson/databind/deser/ValueInstantiators$Base.class], URL [jar:file:/home/nick/.gradle/caches/modules-2/files-2.1/com.fasterxml.jackson.core/jackson-databind/2.8.8/bf88c7b27e95cbadce4e7c316a56c3efffda8026/jackson-databind-2.8.8.jar!/com/fasterxml/jackson/databind/deser/ValueInstantiators.class], URL [jar:file:/home/nick/.gradle/caches/modules-2/files-2.1/com.fasterxml.jackson.core/jackson-databind/2.8.8/bf88c7b27e95cbadce4e7c316a56c3efffda8026/jackson-databind-2.8.8.jar!/com/fasterxml/jackson/databind/deser/impl/BeanAsArrayBuilderDeserializer.class], URL [jar:file:/home/nick/.gradle/caches/modules-2/files-2.1/com.fasterxml.jackson.core/jackson-databind/2.8.8/bf88c7b27e95cbadce4e7c316a56c3efffda8026/jackson-databind-2.8.8.jar!/com/fasterxml/jackson/databind/deser/impl/BeanAsArrayDeserializer.class], URL [jar:file:/home/nick/.gradle/caches/modules-2/files-2.1/com.fasterxml.jackson.core/jackson-databind/2.8.8/bf88c7b27e95cbadce4e7c316a56c3efffda8026/jackson-databind-2.8.8.jar!/com/fasterxml/jackson/databind/deser/impl/BeanPropertyMap.class], URL [jar:file:/home/nick/.gradle/caches/modules-2/files-2.1/com.fasterxml.jackson.core/jackson-databind/2.8.8/bf88c7b27e95cbadce4e7c316a56c3efffda8026/jackson-databind-2.8.8.jar!/com/fasterxml/jackson/databind/deser/impl/CreatorCollector$StdTypeConstructor.class], URL [jar:file:/home/nick/.gradle/caches/modules-2/files-2.1/com.fasterxml.jackson.core/jackson-databind/2.8.8/bf88c7b27e95cbadce4e7c316a56c3efffda8026/jackson-databind-2.8.8.jar!/com/fasterxml/jackson/databind/deser/impl/CreatorCollector.class], URL [jar:file:/home/nick/.gradle/caches/modules-2/files-2.1/com.fasterxml.jackson.core/jackson-databind/2.8.8/bf88c7b27e95cbadce4e7c316a56c3efffda8026/jackson-databind-2.8.8.jar!/com/fasterxml/jackson/databind/deser/impl/ErrorThrowingDeserializer.class], URL [jar:file:/home/nick/.gradle/caches/modules-2/files-2.1/com.fasterxml.jackson.core/jackson-databind/2.8.8/bf88c7b27e95cbadce4e7c316a56c3efffda8026/jackson-databind-2.8.8.jar!/com/fasterxml/jackson/databind/deser/impl/ExternalTypeHandler$Builder.class], URL [jar:file:/home/nick/.gradle/caches/modules-2/files-2.1/com.fasterxml.jackson.core/jackson-databind/2.8.8/bf88c7b27e95cbadce4e7c316a56c3efffda8026/jackson-databind-2.8.8.jar!/com/fasterxml/jackson/databind/deser/impl/ExternalTypeHandler$ExtTypedProperty.class], URL [jar:file:/home/nick/.gradle/caches/modules-2/files-2.1/com.fasterxml.jackson.core/jackson-databind/2.8.8/bf88c7b27e95cbadce4e7c316a56c3efffda8026/jackson-databind-2.8.8.jar!/com/fasterxml/jackson/databind/deser/impl/ExternalTypeHandler.class], URL [jar:file:/home/nick/.gradle/caches/modules-2/files-2.1/com.fasterxml.jackson.core/jackson-databind/2.8.8/bf88c7b27e95cbadce4e7c316a56c3efffda8026/jackson-databind-2.8.8.jar!/com/fasterxml/jackson/databind/deser/impl/FailingDeserializer.class], URL [jar:file:/home/nick/.gradle/caches/modules-2/files-2.1/com.fasterxml.jackson.core/jackson-databind/2.8.8/bf88c7b27e95cbadce4e7c316a56c3efffda8026/jackson-databind-2.8.8.jar!/com/fasterxml/jackson/databind/deser/impl/FieldProperty.class], URL [jar:file:/home/nick/.gradle/caches/modules-2/files-2.1/com.fasterxml.jackson.core/jackson-databind/2.8.8/bf88c7b27e95cbadce4e7c316a56c3efffda8026/jackson-databind-2.8.8.jar!/com/fasterxml/jackson/databind/deser/impl/InnerClassProperty.class], URL [jar:file:/home/nick/.gradle/caches/modules-2/files-2.1/com.fasterxml.jackson.core/jackson-databind/2.8.8/bf88c7b27e95cbadce4e7c316a56c3efffda8026/jackson-databind-2.8.8.jar!/com/fasterxml/jackson/databind/deser/impl/ManagedReferenceProperty.class], URL [jar:file:/home/nick/.gradle/caches/modules-2/files-2.1/com.fasterxml.jackson.core/jackson-databind/2.8.8/bf88c7b27e95cbadce4e7c316a56c3efffda8026/jackson-databind-2.8.8.jar!/com/fasterxml/jackson/databind/deser/impl/MethodProperty.class], URL [jar:file:/home/nick/.gradle/caches/modules-2/files-2.1/com.fasterxml.jackson.core/jackson-databind/2.8.8/bf88c7b27e95cbadce4e7c316a56c3efffda8026/jackson-databind-2.8.8.jar!/com/fasterxml/jackson/databind/deser/impl/ObjectIdReader.class], URL [jar:file:/home/nick/.gradle/caches/modules-2/files-2.1/com.fasterxml.jackson.core/jackson-databind/2.8.8/bf88c7b27e95cbadce4e7c316a56c3efffda8026/jackson-databind-2.8.8.jar!/com/fasterxml/jackson/databind/deser/impl/ObjectIdReferenceProperty$PropertyReferring.class], URL [jar:file:/home/nick/.gradle/caches/modules-2/files-2.1/com.fasterxml.jackson.core/jackson-databind/2.8.8/bf88c7b27e95cbadce4e7c316a56c3efffda8026/jackson-databind-2.8.8.jar!/com/fasterxml/jackson/databind/deser/impl/ObjectIdReferenceProperty.class], URL [jar:file:/home/nick/.gradle/caches/modules-2/files-2.1/com.fasterxml.jackson.core/jackson-databind/2.8.8/bf88c7b27e95cbadce4e7c316a56c3efffda8026/jackson-databind-2.8.8.jar!/com/fasterxml/jackson/databind/deser/impl/ObjectIdValueProperty.class], URL [jar:file:/home/nick/.gradle/caches/modules-2/files-2.1/com.fasterxml.jackson.core/jackson-databind/2.8.8/bf88c7b27e95cbadce4e7c316a56c3efffda8026/jackson-databind-2.8.8.jar!/com/fasterxml/jackson/databind/deser/impl/PropertyBasedCreator$CaseInsensitiveMap.class], URL [jar:file:/home/nick/.gradle/caches/modules-2/files-2.1/com.fasterxml.jackson.core/jackson-databind/2.8.8/bf88c7b27e95cbadce4e7c316a56c3efffda8026/jackson-databind-2.8.8.jar!/com/fasterxml/jackson/databind/deser/impl/PropertyBasedCreator.class], URL [jar:file:/home/nick/.gradle/caches/modules-2/files-2.1/com.fasterxml.jackson.core/jackson-databind/2.8.8/bf88c7b27e95cbadce4e7c316a56c3efffda8026/jackson-databind-2.8.8.jar!/com/fasterxml/jackson/databind/deser/impl/PropertyBasedObjectIdGenerator.class], URL [jar:file:/home/nick/.gradle/caches/modules-2/files-2.1/com.fasterxml.jackson.core/jackson-databind/2.8.8/bf88c7b27e95cbadce4e7c316a56c3efffda8026/jackson-databind-2.8.8.jar!/com/fasterxml/jackson/databind/deser/impl/PropertyValue$Any.class], URL [jar:file:/home/nick/.gradle/caches/modules-2/files-2.1/com.fasterxml.jackson.core/jackson-databind/2.8.8/bf88c7b27e95cbadce4e7c316a56c3efffda8026/jackson-databind-2.8.8.jar!/com/fasterxml/jackson/databind/deser/impl/PropertyValue$Map.class], URL [jar:file:/home/nick/.gradle/caches/modules-2/files-2.1/com.fasterxml.jackson.core/jackson-databind/2.8.8/bf88c7b27e95cbadce4e7c316a56c3efffda8026/jackson-databind-2.8.8.jar!/com/fasterxml/jackson/databind/deser/impl/PropertyValue$Regular.class], URL [jar:file:/home/nick/.gradle/caches/modules-2/files-2.1/com.fasterxml.jackson.core/jackson-databind/2.8.8/bf88c7b27e95cbadce4e7c316a56c3efffda8026/jackson-databind-2.8.8.jar!/com/fasterxml/jackson/databind/deser/impl/PropertyValue.class], URL [jar:file:/home/nick/.gradle/caches/modules-2/files-2.1/com.fasterxml.jackson.core/jackson-databind/2.8.8/bf88c7b27e95cbadce4e7c316a56c3efffda8026/jackson-databind-2.8.8.jar!/com/fasterxml/jackson/databind/deser/impl/PropertyValueBuffer.class], URL [jar:file:/home/nick/.gradle/caches/modules-2/files-2.1/com.fasterxml.jackson.core/jackson-databind/2.8.8/bf88c7b27e95cbadce4e7c316a56c3efffda8026/jackson-databind-2.8.8.jar!/com/fasterxml/jackson/databind/deser/impl/ReadableObjectId$Referring.class], URL [jar:file:/home/nick/.gradle/caches/modules-2/files-2.1/com.fasterxml.jackson.core/jackson-databind/2.8.8/bf88c7b27e95cbadce4e7c316a56c3efffda8026/jackson-databind-2.8.8.jar!/com/fasterxml/jackson/databind/deser/impl/ReadableObjectId.class], URL [jar:file:/home/nick/.gradle/caches/modules-2/files-2.1/com.fasterxml.jackson.core/jackson-databind/2.8.8/bf88c7b27e95cbadce4e7c316a56c3efffda8026/jackson-databind-2.8.8.jar!/com/fasterxml/jackson/databind/deser/impl/SetterlessProperty.class], URL [jar:file:/home/nick/.gradle/caches/modules-2/files-2.1/com.fasterxml.jackson.core/jackson-databind/2.8.8/bf88c7b27e95cbadce4e7c316a56c3efffda8026/jackson-databind-2.8.8.jar!/com/fasterxml/jackson/databind/deser/impl/TypeWrappedDeserializer.class], URL [jar:file:/home/nick/.gradle/caches/modules-2/files-2.1/com.fasterxml.jackson.core/jackson-databind/2.8.8/bf88c7b27e95cbadce4e7c316a56c3efffda8026/jackson-databind-2.8.8.jar!/com/fasterxml/jackson/databind/deser/impl/UnwrappedPropertyHandler.class], URL [jar:file:/home/nick/.gradle/caches/modules-2/files-2.1/com.fasterxml.jackson.core/jackson-databind/2.8.8/bf88c7b27e95cbadce4e7c316a56c3efffda8026/jackson-databind-2.8.8.jar!/com/fasterxml/jackson/databind/deser/impl/ValueInjector.class], URL [jar:file:/home/nick/.gradle/caches/modules-2/files-2.1/com.fasterxml.jackson.core/jackson-databind/2.8.8/bf88c7b27e95cbadce4e7c316a56c3efffda8026/jackson-databind-2.8.8.jar!/com/fasterxml/jackson/databind/deser/std/ArrayBlockingQueueDeserializer.class], URL [jar:file:/home/nick/.gradle/caches/modules-2/files-2.1/com.fasterxml.jackson.core/jackson-databind/2.8.8/bf88c7b27e95cbadce4e7c316a56c3efffda8026/jackson-databind-2.8.8.jar!/com/fasterxml/jackson/databind/deser/std/AtomicBooleanDeserializer.class], URL [jar:file:/home/nick/.gradle/caches/modules-2/files-2.1/com.fasterxml.jackson.core/jackson-databind/2.8.8/bf88c7b27e95cbadce4e7c316a56c3efffda8026/jackson-databind-2.8.8.jar!/com/fasterxml/jackson/databind/deser/std/AtomicReferenceDeserializer.class], URL [jar:file:/home/nick/.gradle/caches/modules-2/files-2.1/com.fasterxml.jackson.core/jackson-databind/2.8.8/bf88c7b27e95cbadce4e7c316a56c3efffda8026/jackson-databind-2.8.8.jar!/com/fasterxml/jackson/databind/deser/std/BaseNodeDeserializer.class], URL [jar:file:/home/nick/.gradle/caches/modules-2/files-2.1/com.fasterxml.jackson.core/jackson-databind/2.8.8/bf88c7b27e95cbadce4e7c316a56c3efffda8026/jackson-databind-2.8.8.jar!/com/fasterxml/jackson/databind
[...]
23:31:12.588 [Test worker] DEBUG org.springframework.beans.factory.support.DefaultListableBeanFactory - Creating shared instance of singleton bean 'org.springframework.context.config.internalBeanConfigurerAspect'
23:31:12.588 [Test worker] DEBUG org.springframework.beans.factory.support.DefaultListableBeanFactory - Creating instance of bean 'org.springframework.context.config.internalBeanConfigurerAspect'
23:31:12.630 [Test worker] DEBUG org.springframework.beans.factory.support.DefaultListableBeanFactory - Eagerly caching bean 'org.springframework.context.config.internalBeanConfigurerAspect' to allow for resolving potential circular references
23:31:12.638 [Test worker] DEBUG org.springframework.beans.factory.support.DefaultListableBeanFactory - Invoking afterPropertiesSet() on bean with name 'org.springframework.context.config.internalBeanConfigurerAspect'
23:31:12.639 [Test worker] DEBUG org.springframework.beans.factory.support.DefaultListableBeanFactory - Returning cached instance of singleton bean 'org.springframework.transaction.config.internalTransactionAdvisor'
23:31:12.669 [Test worker] DEBUG org.springframework.beans.factory.support.DefaultListableBeanFactory - Finished creating instance of bean 'org.springframework.context.config.internalBeanConfigurerAspect'
23:31:12.670 [Test worker] DEBUG org.springframework.beans.factory.support.DefaultListableBeanFactory - Creating shared instance of singleton bean 'board001Service'
23:31:12.670 [Test worker] DEBUG org.springframework.beans.factory.support.DefaultListableBeanFactory - Creating instance of bean 'board001Service'
23:31:12.676 [Test worker] DEBUG org.springframework.beans.factory.annotation.InjectionMetadata - Registered injected element on class [com.springV01.service.board.Board001Service]: AutowiredFieldElement for protected com.framework.dao.MybatisDao com.framework.service.BaseService.mtDao
23:31:12.676 [Test worker] DEBUG org.springframework.beans.factory.support.DefaultListableBeanFactory - Eagerly caching bean 'board001Service' to allow for resolving potential circular references
23:31:12.682 [Test worker] DEBUG org.springframework.beans.factory.annotation.InjectionMetadata - Processing injected element of bean 'board001Service': AutowiredFieldElement for protected com.framework.dao.MybatisDao com.framework.service.BaseService.mtDao
23:31:12.727 [Test worker] DEBUG org.apache.ibatis.logging.LogFactory - Logging initialized using 'class org.apache.ibatis.logging.slf4j.Slf4jImpl' adapter.
23:31:12.732 [Test worker] DEBUG org.springframework.beans.factory.support.DefaultListableBeanFactory - Creating shared instance of singleton bean 'mybatisService'
23:31:12.733 [Test worker] DEBUG org.springframework.beans.factory.support.DefaultListableBeanFactory - Creating instance of bean 'mybatisService'
23:31:12.742 [Test worker] DEBUG org.springframework.beans.factory.annotation.InjectionMetadata - Registered injected element on class [com.framework.dao.MybatisService]: AutowiredFieldElement for private org.apache.ibatis.session.SqlSession com.framework.dao.MybatisService.sqlSession
23:31:12.744 [Test worker] DEBUG org.springframework.beans.factory.support.DefaultListableBeanFactory - Eagerly caching bean 'mybatisService' to allow for resolving potential circular references
23:31:12.748 [Test worker] DEBUG org.springframework.beans.factory.annotation.InjectionMetadata - Processing injected element of bean 'mybatisService': AutowiredFieldElement for private org.apache.ibatis.session.SqlSession com.framework.dao.MybatisService.sqlSession
23:31:12.750 [Test worker] DEBUG org.springframework.beans.factory.support.DefaultListableBeanFactory - Creating shared instance of singleton bean 'sqlSession'
23:31:12.750 [Test worker] DEBUG org.springframework.beans.factory.support.DefaultListableBeanFactory - Creating instance of bean 'sqlSession'
23:31:12.766 [Test worker] DEBUG org.springframework.beans.factory.support.DefaultListableBeanFactory - Creating shared instance of singleton bean 'sqlSessionFactory'
23:31:12.766 [Test worker] DEBUG org.springframework.beans.factory.support.DefaultListableBeanFactory - Creating instance of bean 'sqlSessionFactory'
23:31:12.767 [Test worker] DEBUG org.springframework.beans.factory.support.DefaultListableBeanFactory - Eagerly caching bean 'sqlSessionFactory' to allow for resolving potential circular references
23:31:12.778 [Test worker] DEBUG org.springframework.beans.factory.support.DefaultListableBeanFactory - Creating shared instance of singleton bean 'dataSource'
23:31:12.778 [Test worker] DEBUG org.springframework.beans.factory.support.DefaultListableBeanFactory - Creating instance of bean 'dataSource'
23:31:12.781 [Test worker] DEBUG org.springframework.beans.factory.support.DefaultListableBeanFactory - Eagerly caching bean 'dataSource' to allow for resolving potential circular references
23:31:12.822 [Test worker] INFO org.springframework.jdbc.datasource.DriverManagerDataSource - Loaded JDBC driver: org.postgresql.Driver
23:31:12.822 [Test worker] DEBUG org.springframework.beans.factory.support.DefaultListableBeanFactory - Returning cached instance of singleton bean 'org.springframework.transaction.config.internalTransactionAdvisor'
23:31:12.824 [Test worker] DEBUG org.springframework.beans.factory.support.DefaultListableBeanFactory - Finished creating instance of bean 'dataSource'
23:31:12.826 [Test worker] DEBUG org.springframework.core.io.support.PathMatchingResourcePatternResolver - Looking for matching resources in directory tree [/home/nick/IdeaProjects/2017_Spring_v01/build/resources/main/com/springV01/mapper]
23:31:12.827 [Test worker] DEBUG org.springframework.core.io.support.PathMatchingResourcePatternResolver - Searching directory [/home/nick/IdeaProjects/2017_Spring_v01/build/resources/main/com/springV01/mapper] for files matching pattern [/home/nick/IdeaProjects/2017_Spring_v01/build/resources/main/com/springV01/mapper/**/*.xml]
23:31:12.827 [Test worker] DEBUG org.springframework.core.io.support.PathMatchingResourcePatternResolver - Searching directory [/home/nick/IdeaProjects/2017_Spring_v01/build/resources/main/com/springV01/mapper/board] for files matching pattern [/home/nick/IdeaProjects/2017_Spring_v01/build/resources/main/com/springV01/mapper/**/*.xml]
23:31:12.828 [Test worker] DEBUG org.springframework.core.io.support.PathMatchingResourcePatternResolver - Searching directory [/home/nick/IdeaProjects/2017_Spring_v01/build/resources/main/com/springV01/mapper/main] for files matching pattern [/home/nick/IdeaProjects/2017_Spring_v01/build/resources/main/com/springV01/mapper/**/*.xml]
23:31:12.829 [Test worker] DEBUG org.springframework.core.io.support.PathMatchingResourcePatternResolver - Resolved location pattern [classpath:com/springV01/mapper/**/*.xml] to resources [file [/home/nick/IdeaProjects/2017_Spring_v01/build/resources/main/com/springV01/mapper/board/Board001Mapper.xml], file [/home/nick/IdeaProjects/2017_Spring_v01/build/resources/main/com/springV01/mapper/main/Main001Mapper.xml]]
23:31:12.831 [Test worker] DEBUG org.springframework.beans.factory.support.DefaultListableBeanFactory - Invoking afterPropertiesSet() on bean with name 'sqlSessionFactory'
23:31:13.127 [Test worker] DEBUG org.mybatis.spring.SqlSessionFactoryBean - Parsed configuration file: 'class path resource [com/framework/mybatis/mybatis-config.xml]'
23:31:13.204 [Test worker] DEBUG org.mybatis.spring.SqlSessionFactoryBean - Parsed mapper file: 'file [/home/nick/IdeaProjects/2017_Spring_v01/build/resources/main/com/springV01/mapper/board/Board001Mapper.xml]'
23:31:13.224 [Test worker] DEBUG org.mybatis.spring.SqlSessionFactoryBean - Parsed mapper file: 'file [/home/nick/IdeaProjects/2017_Spring_v01/build/resources/main/com/springV01/mapper/main/Main001Mapper.xml]'
23:31:13.225 [Test worker] DEBUG org.springframework.beans.factory.support.DefaultListableBeanFactory - Returning cached instance of singleton bean 'org.springframework.transaction.config.internalTransactionAdvisor'
23:31:13.226 [Test worker] DEBUG org.springframework.beans.factory.support.DefaultListableBeanFactory - Finished creating instance of bean 'sqlSessionFactory'
23:31:13.226 [Test worker] DEBUG org.springframework.beans.factory.support.DefaultListableBeanFactory - Returning cached instance of singleton bean 'org.springframework.transaction.config.internalTransactionAdvisor'
23:31:13.258 [Test worker] DEBUG org.springframework.beans.factory.support.DefaultListableBeanFactory - Eagerly caching bean 'sqlSession' to allow for resolving potential circular references
23:31:13.266 [Test worker] DEBUG org.springframework.beans.factory.support.DefaultListableBeanFactory - Returning cached instance of singleton bean 'org.springframework.transaction.config.internalTransactionAdvisor'
23:31:13.267 [Test worker] DEBUG org.springframework.beans.factory.support.DefaultListableBeanFactory - Finished creating instance of bean 'sqlSession'
23:31:13.267 [Test worker] DEBUG org.springframework.beans.factory.annotation.AutowiredAnnotationBeanPostProcessor - Autowiring by type from bean name 'mybatisService' to bean named 'sqlSession'
23:31:13.268 [Test worker] DEBUG org.springframework.beans.factory.support.DefaultListableBeanFactory - Returning cached instance of singleton bean 'org.springframework.transaction.config.internalTransactionAdvisor'
23:31:13.269 [Test worker] DEBUG org.springframework.beans.factory.support.DefaultListableBeanFactory - Finished creating instance of bean 'mybatisService'
23:31:13.269 [Test worker] DEBUG org.springframework.beans.factory.annotation.AutowiredAnnotationBeanPostProcessor - Autowiring by type from bean name 'board001Service' to bean named 'mybatisService'
23:31:13.269 [Test worker] DEBUG org.springframework.beans.factory.support.DefaultListableBeanFactory - Returning cached instance of singleton bean 'org.springframework.transaction.config.internalTransactionAdvisor'
23:31:13.272 [Test worker] DEBUG org.springframework.beans.factory.support.DefaultListableBeanFactory - Finished creating instance of bean 'board001Service'
23:31:13.272 [Test worker] DEBUG org.springframework.beans.factory.support.DefaultListableBeanFactory - Returning cached instance of singleton bean 'org.springframework.context.annotation.internalConfigurationAnnotationProcessor'
23:31:13.272 [Test worker] DEBUG org.springframework.beans.factory.support.DefaultListableBeanFactory - Returning cached instance of singleton bean 'org.springframework.context.annotation.internalAutowiredAnnotationProcessor'
23:31:13.272 [Test worker] DEBUG org.springframework.beans.factory.support.DefaultListableBeanFactory - Returning cached instance of singleton bean 'org.springframework.context.annotation.internalRequiredAnnotationProcessor'
23:31:13.272 [Test worker] DEBUG org.springframework.beans.factory.support.DefaultListableBeanFactory - Returning cached instance of singleton bean 'org.springframework.context.annotation.internalCommonAnnotationProcessor'
23:31:13.272 [Test worker] DEBUG org.springframework.beans.factory.support.DefaultListableBeanFactory - Creating shared instance of singleton bean 'org.springframework.context.event.internalEventListenerProcessor'
23:31:13.272 [Test worker] DEBUG org.springframework.beans.factory.support.DefaultListableBeanFactory - Creating instance of bean 'org.springframework.context.event.internalEventListenerProcessor'
23:31:13.275 [Test worker] DEBUG org.springframework.beans.factory.support.DefaultListableBeanFactory - Eagerly caching bean 'org.springframework.context.event.internalEventListenerProcessor' to allow for resolving potential circular references
23:31:13.278 [Test worker] DEBUG org.springframework.beans.factory.support.DefaultListableBeanFactory - Returning cached instance of singleton bean 'org.springframework.transaction.config.internalTransactionAdvisor'
23:31:13.279 [Test worker] DEBUG org.springframework.beans.factory.support.DefaultListableBeanFactory - Finished creating instance of bean 'org.springframework.context.event.internalEventListenerProcessor'
23:31:13.279 [Test worker] DEBUG org.springframework.beans.factory.support.DefaultListableBeanFactory - Creating shared instance of singleton bean 'org.springframework.context.event.internalEventListenerFactory'
23:31:13.279 [Test worker] DEBUG org.springframework.beans.factory.support.DefaultListableBeanFactory - Creating instance of bean 'org.springframework.context.event.internalEventListenerFactory'
23:31:13.280 [Test worker] DEBUG org.springframework.beans.factory.support.DefaultListableBeanFactory - Eagerly caching bean 'org.springframework.context.event.internalEventListenerFactory' to allow for resolving potential circular references
23:31:13.283 [Test worker] DEBUG org.springframework.beans.factory.support.DefaultListableBeanFactory - Returning cached instance of singleton bean 'org.springframework.transaction.config.internalTransactionAdvisor'
23:31:13.283 [Test worker] DEBUG org.springframework.beans.factory.support.DefaultListableBeanFactory - Finished creating instance of bean 'org.springframework.context.event.internalEventListenerFactory'
23:31:13.283 [Test worker] DEBUG org.springframework.beans.factory.support.DefaultListableBeanFactory - Returning cached instance of singleton bean 'org.springframework.context.support.PropertySourcesPlaceholderConfigurer#0'
23:31:13.283 [Test worker] DEBUG org.springframework.beans.factory.support.DefaultListableBeanFactory - Returning cached instance of singleton bean 'dataSource'
23:31:13.284 [Test worker] DEBUG org.springframework.beans.factory.support.DefaultListableBeanFactory - Returning cached instance of singleton bean 'sqlSessionFactory'
23:31:13.284 [Test worker] DEBUG org.springframework.beans.factory.support.DefaultListableBeanFactory - Returning cached instance of singleton bean 'sqlSession'
23:31:13.284 [Test worker] DEBUG org.springframework.beans.factory.support.DefaultListableBeanFactory - Returning cached instance of singleton bean 'mybatisService'
23:31:13.284 [Test worker] DEBUG org.springframework.beans.factory.support.DefaultListableBeanFactory - Returning cached instance of singleton bean 'org.mybatis.spring.mapper.MapperScannerConfigurer#0'
23:31:13.285 [Test worker] DEBUG org.springframework.beans.factory.support.DefaultListableBeanFactory - Returning cached instance of singleton bean 'org.springframework.transaction.config.internalTransactionalEventListenerFactory'
23:31:13.285 [Test worker] DEBUG org.springframework.beans.factory.support.DefaultListableBeanFactory - Returning cached instance of singleton bean 'org.springframework.context.event.internalEventListenerFactory'
23:31:13.327 [Test worker] DEBUG org.springframework.context.support.GenericApplicationContext - Unable to locate LifecycleProcessor with name 'lifecycleProcessor': using default [org.springframework.context.support.DefaultLifecycleProcessor@426f4dc7]
23:31:13.328 [Test worker] DEBUG org.springframework.beans.factory.support.DefaultListableBeanFactory - Returning cached instance of singleton bean 'lifecycleProcessor'
23:31:13.332 [Test worker] DEBUG org.springframework.beans.factory.support.DefaultListableBeanFactory - Returning cached instance of singleton bean 'sqlSessionFactory'
23:31:13.342 [Test worker] DEBUG org.springframework.core.env.PropertySourcesPropertyResolver - Could not find key 'spring.liveBeansView.mbeanDomain' in any property source
23:31:13.345 [Test worker] DEBUG org.springframework.test.context.cache.DefaultCacheAwareContextLoaderDelegate - Storing ApplicationContext in cache under key [[MergedContextConfiguration@4c0e2605 testClass = DataSourceTest, locations = '{classpath:com/framework/spring/*-context.xml}', classes = '{}', contextInitializerClasses = '[]', activeProfiles = '{}', propertySourceLocations = '{}', propertySourceProperties = '{}', contextCustomizers = set[[empty]], contextLoader = 'org.springframework.test.context.support.DelegatingSmartContextLoader', parent = [null]]]
23:31:13.345 [Test worker] DEBUG org.springframework.test.context.cache - Spring test ApplicationContext cache statistics: [DefaultContextCache@93bdf4e size = 1, maxSize = 32, parentContextCount = 0, hitCount = 0, missCount = 1]
23:31:13.348 [Test worker] DEBUG org.springframework.beans.factory.annotation.InjectionMetadata - Processing injected element of bean 'com.springV01.web.DataSourceTest': AutowiredFieldElement for private javax.sql.DataSource com.springV01.web.DataSourceTest.ds
23:31:13.349 [Test worker] DEBUG org.springframework.beans.factory.support.DefaultListableBeanFactory - Returning cached instance of singleton bean 'dataSource'
23:31:13.349 [Test worker] DEBUG org.springframework.beans.factory.annotation.AutowiredAnnotationBeanPostProcessor - Autowiring by type from bean name 'com.springV01.web.DataSourceTest' to bean named 'dataSource'
23:31:13.354 [Test worker] DEBUG org.springframework.beans.factory.support.DefaultListableBeanFactory - Returning cached instance of singleton bean 'org.springframework.transaction.config.internalTransactionAdvisor'
23:31:13.362 [Test worker] DEBUG org.springframework.test.context.support.AbstractDirtiesContextTestExecutionListener - Before test method: context [DefaultTestContext@8ab9ee0 testClass = DataSourceTest, testInstance = com.springV01.web.DataSourceTest@26288c0c, testMethod = testConnection@DataSourceTest, testException = [null], mergedContextConfiguration = [MergedContextConfiguration@4c0e2605 testClass = DataSourceTest, locations = '{classpath:com/framework/spring/*-context.xml}', classes = '{}', contextInitializerClasses = '[]', activeProfiles = '{}', propertySourceLocations = '{}', propertySourceProperties = '{}', contextCustomizers = set[[empty]], contextLoader = 'org.springframework.test.context.support.DelegatingSmartContextLoader', parent = [null]]], class annotated with @DirtiesContext [false] with mode [null], method annotated with @DirtiesContext [false] with mode [null].
23:31:13.365 [Test worker] DEBUG org.springframework.jdbc.datasource.DriverManagerDataSource - Creating new JDBC DriverManager Connection to [jdbc:postgresql://localhost:5432/postgres]
###DBcon: org.postgresql.jdbc4.Jdbc4Connection@fc9565f
23:31:13.505 [Test worker] DEBUG org.springframework.test.context.support.AbstractDirtiesContextTestExecutionListener - After test method: context [DefaultTestContext@8ab9ee0 testClass = DataSourceTest, testInstance = com.springV01.web.DataSourceTest@26288c0c, testMethod = testConnection@DataSourceTest, testException = [null], mergedContextConfiguration = [MergedContextConfiguration@4c0e2605 testClass = DataSourceTest, locations = '{classpath:com/framework/spring/*-context.xml}', classes = '{}', contextInitializerClasses = '[]', activeProfiles = '{}', propertySourceLocations = '{}', propertySourceProperties = '{}', contextCustomizers = set[[empty]], contextLoader = 'org.springframework.test.context.support.DelegatingSmartContextLoader', parent = [null]]], class annotated with @DirtiesContext [false] with mode [null], method annotated with @DirtiesContext [false] with mode [null].
23:31:13.511 [Test worker] DEBUG org.springframework.test.context.support.AbstractDirtiesContextTestExecutionListener - After test class: context [DefaultTestContext@8ab9ee0 testClass = DataSourceTest, testInstance = [null], testMethod = [null], testException = [null], mergedContextConfiguration = [MergedContextConfiguration@4c0e2605 testClass = DataSourceTest, locations = '{classpath:com/framework/spring/*-context.xml}', classes = '{}', contextInitializerClasses = '[]', activeProfiles = '{}', propertySourceLocations = '{}', propertySourceProperties = '{}', contextCustomizers = set[[empty]], contextLoader = 'org.springframework.test.context.support.DelegatingSmartContextLoader', parent = [null]]], class annotated with @DirtiesContext [false] with mode [null].
]]></system-out>
  <system-err><![CDATA[]]></system-err>
</testsuite>
